zsh: Нет такого файла или каталога: ./cmd/screener-core/screener-core
2025/09/19 23:04:50 logger.go:35: 2025-09-19T23:04:50+03:00 [INFO] logger initialized, output=screner.log
2025/09/19 23:04:50 main.go:60: 2025-09-19T23:04:50+03:00 [INFO] starting Screener Core - multi-exchange with shared channel
2025/09/19 23:04:50 error reading config file: open configs/screener-core.yaml: no such file or directory
2025/09/19 23:05:19 logger.go:35: 2025-09-19T23:05:19+03:00 [INFO] logger initialized, output=screner.log
2025/09/19 23:05:19 main.go:60: 2025-09-19T23:05:19+03:00 [INFO] starting Screener Core - multi-exchange with shared channel
2025/09/19 23:05:19 client.go:16: 2025-09-19T23:05:19+03:00 [INFO] initializing Redis client: addr=localhost:6379 db=0
2025/09/19 23:05:19 main.go:70: 2025-09-19T23:05:19+03:00 [INFO] Redis client initialized: localhost:6379
2025/09/19 23:05:19 main.go:77: 2025-09-19T23:05:19+03:00 [INFO] Loaded 582 symbols from JSON file
2025/09/19 23:05:19 main.go:93: 2025-09-19T23:05:19+03:00 [INFO] Exchanges: gate, bybit
2025/09/19 23:05:19 main.go:247: 2025-09-19T23:05:19+03:00 [INFO] Screener Core running: 582 symbols across gate, bybit
2025/09/19 23:05:19 gateio.go:29: 2025-09-19T23:05:19+03:00 [INFO] connecting to Gate WS wss://api.gateio.ws/ws/v4/
2025/09/19 23:05:19 bybit.go:30: 2025-09-19T23:05:19+03:00 [INFO] connecting to Bybit WS wss://stream.bybit.com/v5/public/spot
2025/09/19 23:05:20 bybit.go:36: 2025-09-19T23:05:20+03:00 [INFO] Bybit connected
2025/09/19 23:05:20 main.go:121: 2025-09-19T23:05:20+03:00 [INFO] Bybit subscribe 1/582: $AIUSDT
2025/09/19 23:05:20 main.go:121: 2025-09-19T23:05:20+03:00 [INFO] Bybit subscribe 2/582: 1INCHUSDT
2025/09/19 23:05:20 main.go:121: 2025-09-19T23:05:20+03:00 [INFO] Bybit subscribe 3/582: A2ZUSDT
2025/09/19 23:05:20 main.go:121: 2025-09-19T23:05:20+03:00 [INFO] Bybit subscribe 4/582: A8USDT
2025/09/19 23:05:20 main.go:121: 2025-09-19T23:05:20+03:00 [INFO] Bybit subscribe 5/582: AAVEUSDT
2025/09/19 23:05:20 main.go:121: 2025-09-19T23:05:20+03:00 [INFO] Bybit subscribe 6/582: ACEUSDT
2025/09/19 23:05:20 main.go:121: 2025-09-19T23:05:20+03:00 [INFO] Bybit subscribe 7/582: ACHUSDT
2025/09/19 23:05:20 main.go:121: 2025-09-19T23:05:20+03:00 [INFO] Bybit subscribe 8/582: ACTUSDT
2025/09/19 23:05:20 main.go:121: 2025-09-19T23:05:20+03:00 [INFO] Bybit subscribe 9/582: ACXUSDT
2025/09/19 23:05:20 main.go:121: 2025-09-19T23:05:20+03:00 [INFO] Bybit subscribe 10/582: ADAUSDT
2025/09/19 23:05:20 main.go:121: 2025-09-19T23:05:20+03:00 [INFO] Bybit subscribe 11/582: AEROUSDT
2025/09/19 23:05:20 main.go:121: 2025-09-19T23:05:20+03:00 [INFO] Bybit subscribe 12/582: AEVOUSDT
2025/09/19 23:05:20 main.go:121: 2025-09-19T23:05:20+03:00 [INFO] Bybit subscribe 13/582: AGIUSDT
2025/09/19 23:05:20 main.go:121: 2025-09-19T23:05:20+03:00 [INFO] Bybit subscribe 14/582: AGIXUSDT
2025/09/19 23:05:20 main.go:121: 2025-09-19T23:05:20+03:00 [INFO] Bybit subscribe 15/582: AGTUSDT
2025/09/19 23:05:20 main.go:121: 2025-09-19T23:05:20+03:00 [INFO] Bybit subscribe 16/582: AIUSDT
2025/09/19 23:05:20 main.go:121: 2025-09-19T23:05:20+03:00 [INFO] Bybit subscribe 17/582: AI16ZUSDT
2025/09/19 23:05:20 main.go:121: 2025-09-19T23:05:20+03:00 [INFO] Bybit subscribe 18/582: AIBOTUSDT
2025/09/19 23:05:20 main.go:121: 2025-09-19T23:05:20+03:00 [INFO] Bybit subscribe 19/582: AINUSDT
2025/09/19 23:05:20 main.go:121: 2025-09-19T23:05:20+03:00 [INFO] Bybit subscribe 20/582: AIOUSDT
2025/09/19 23:05:20 main.go:121: 2025-09-19T23:05:20+03:00 [INFO] Bybit subscribe 21/582: AIOTUSDT
2025/09/19 23:05:20 main.go:121: 2025-09-19T23:05:20+03:00 [INFO] Bybit subscribe 22/582: AIOZUSDT
2025/09/19 23:05:20 main.go:121: 2025-09-19T23:05:20+03:00 [INFO] Bybit subscribe 23/582: AIXBTUSDT
2025/09/19 23:05:20 main.go:121: 2025-09-19T23:05:20+03:00 [INFO] Bybit subscribe 24/582: AKTUSDT
2025/09/19 23:05:20 main.go:121: 2025-09-19T23:05:20+03:00 [INFO] Bybit subscribe 25/582: ALCHUSDT
2025/09/19 23:05:20 main.go:121: 2025-09-19T23:05:20+03:00 [INFO] Bybit subscribe 26/582: ALEOUSDT
2025/09/19 23:05:20 main.go:121: 2025-09-19T23:05:20+03:00 [INFO] Bybit subscribe 27/582: ALGOUSDT
2025/09/19 23:05:20 main.go:121: 2025-09-19T23:05:20+03:00 [INFO] Bybit subscribe 28/582: ALLUSDT
2025/09/19 23:05:20 main.go:121: 2025-09-19T23:05:20+03:00 [INFO] Bybit subscribe 29/582: ALPACAUSDT
2025/09/19 23:05:20 main.go:121: 2025-09-19T23:05:20+03:00 [INFO] Bybit subscribe 30/582: ALPHAUSDT
2025/09/19 23:05:20 main.go:121: 2025-09-19T23:05:20+03:00 [INFO] Bybit subscribe 31/582: ALTUSDT
2025/09/19 23:05:20 main.go:121: 2025-09-19T23:05:20+03:00 [INFO] Bybit subscribe 32/582: ALUUSDT
2025/09/19 23:05:20 main.go:121: 2025-09-19T23:05:20+03:00 [INFO] Bybit subscribe 33/582: AMBUSDT
2025/09/19 23:05:20 main.go:121: 2025-09-19T23:05:20+03:00 [INFO] Bybit subscribe 34/582: AMPUSDT
2025/09/19 23:05:20 main.go:121: 2025-09-19T23:05:20+03:00 [INFO] Bybit subscribe 35/582: ANIMEUSDT
2025/09/19 23:05:20 main.go:121: 2025-09-19T23:05:20+03:00 [INFO] Bybit subscribe 36/582: ANKRUSDT
2025/09/19 23:05:20 main.go:121: 2025-09-19T23:05:20+03:00 [INFO] Bybit subscribe 37/582: APEUSDT
2025/09/19 23:05:20 main.go:121: 2025-09-19T23:05:20+03:00 [INFO] Bybit subscribe 38/582: API3USDT
2025/09/19 23:05:20 main.go:121: 2025-09-19T23:05:20+03:00 [INFO] Bybit subscribe 39/582: APTUSDT
2025/09/19 23:05:20 main.go:121: 2025-09-19T23:05:20+03:00 [INFO] Bybit subscribe 40/582: ARUSDT
2025/09/19 23:05:20 main.go:121: 2025-09-19T23:05:20+03:00 [INFO] Bybit subscribe 41/582: ARBUSDT
2025/09/19 23:05:20 main.go:121: 2025-09-19T23:05:20+03:00 [INFO] Bybit subscribe 42/582: ARCUSDT
2025/09/19 23:05:20 main.go:121: 2025-09-19T23:05:20+03:00 [INFO] Bybit subscribe 43/582: ARIAUSDT
2025/09/19 23:05:20 main.go:121: 2025-09-19T23:05:20+03:00 [INFO] Bybit subscribe 44/582: ARKUSDT
2025/09/19 23:05:20 main.go:121: 2025-09-19T23:05:20+03:00 [INFO] Bybit subscribe 45/582: ARMUSDT
2025/09/19 23:05:20 main.go:121: 2025-09-19T23:05:20+03:00 [INFO] Bybit subscribe 46/582: ASPUSDT
2025/09/19 23:05:20 main.go:121: 2025-09-19T23:05:20+03:00 [INFO] Bybit subscribe 47/582: ASTRUSDT
2025/09/19 23:05:20 main.go:121: 2025-09-19T23:05:20+03:00 [INFO] Bybit subscribe 48/582: ATAUSDT
2025/09/19 23:05:20 main.go:121: 2025-09-19T23:05:20+03:00 [INFO] Bybit subscribe 49/582: ATHUSDT
2025/09/19 23:05:20 main.go:121: 2025-09-19T23:05:20+03:00 [INFO] Bybit subscribe 50/582: ATOMUSDT
2025/09/19 23:05:20 main.go:121: 2025-09-19T23:05:20+03:00 [INFO] Bybit subscribe 51/582: AUCTIONUSDT
2025/09/19 23:05:20 main.go:121: 2025-09-19T23:05:20+03:00 [INFO] Bybit subscribe 52/582: AUDIOUSDT
2025/09/19 23:05:20 main.go:121: 2025-09-19T23:05:20+03:00 [INFO] Bybit subscribe 53/582: AVAUSDT
2025/09/19 23:05:20 main.go:121: 2025-09-19T23:05:20+03:00 [INFO] Bybit subscribe 54/582: AVAILUSDT
2025/09/19 23:05:20 main.go:121: 2025-09-19T23:05:20+03:00 [INFO] Bybit subscribe 55/582: AVAXUSDT
2025/09/19 23:05:20 main.go:121: 2025-09-19T23:05:20+03:00 [INFO] Bybit subscribe 56/582: AVLUSDT
2025/09/19 23:05:20 main.go:121: 2025-09-19T23:05:20+03:00 [INFO] Bybit subscribe 57/582: AVNTUSDT
2025/09/19 23:05:20 main.go:121: 2025-09-19T23:05:20+03:00 [INFO] Bybit subscribe 58/582: AWEUSDT
2025/09/19 23:05:20 main.go:121: 2025-09-19T23:05:20+03:00 [INFO] Bybit subscribe 59/582: AXLUSDT
2025/09/19 23:05:20 main.go:121: 2025-09-19T23:05:20+03:00 [INFO] Bybit subscribe 60/582: AXSUSDT
2025/09/19 23:05:20 main.go:121: 2025-09-19T23:05:20+03:00 [INFO] Bybit subscribe 61/582: B2USDT
2025/09/19 23:05:20 main.go:121: 2025-09-19T23:05:20+03:00 [INFO] Bybit subscribe 62/582: B3USDT
2025/09/19 23:05:20 main.go:121: 2025-09-19T23:05:20+03:00 [INFO] Bybit subscribe 63/582: BABAUSDT
2025/09/19 23:05:20 main.go:121: 2025-09-19T23:05:20+03:00 [INFO] Bybit subscribe 64/582: BABYUSDT
2025/09/19 23:05:20 main.go:121: 2025-09-19T23:05:20+03:00 [INFO] Bybit subscribe 65/582: BABYDOGEUSDT
2025/09/19 23:05:20 main.go:121: 2025-09-19T23:05:20+03:00 [INFO] Bybit subscribe 66/582: BADGERUSDT
2025/09/19 23:05:20 main.go:121: 2025-09-19T23:05:20+03:00 [INFO] Bybit subscribe 67/582: BAKEUSDT
2025/09/19 23:05:20 main.go:121: 2025-09-19T23:05:20+03:00 [INFO] Bybit subscribe 68/582: BALUSDT
2025/09/19 23:05:20 main.go:121: 2025-09-19T23:05:20+03:00 [INFO] Bybit subscribe 69/582: BANUSDT
2025/09/19 23:05:20 main.go:121: 2025-09-19T23:05:20+03:00 [INFO] Bybit subscribe 70/582: BANANAUSDT
2025/09/19 23:05:20 main.go:121: 2025-09-19T23:05:20+03:00 [INFO] Bybit subscribe 71/582: BANANAS31USDT
2025/09/19 23:05:20 main.go:121: 2025-09-19T23:05:20+03:00 [INFO] Bybit subscribe 72/582: BANDUSDT
2025/09/19 23:05:20 main.go:121: 2025-09-19T23:05:20+03:00 [INFO] Bybit subscribe 73/582: BANKUSDT
2025/09/19 23:05:20 main.go:121: 2025-09-19T23:05:20+03:00 [INFO] Bybit subscribe 74/582: BASUSDT
2025/09/19 23:05:20 main.go:121: 2025-09-19T23:05:20+03:00 [INFO] Bybit subscribe 75/582: BATUSDT
2025/09/19 23:05:20 main.go:121: 2025-09-19T23:05:20+03:00 [INFO] Bybit subscribe 76/582: BBUSDT
2025/09/19 23:05:20 main.go:121: 2025-09-19T23:05:20+03:00 [INFO] Bybit subscribe 77/582: BCHUSDT
2025/09/19 23:05:20 main.go:121: 2025-09-19T23:05:20+03:00 [INFO] Bybit subscribe 78/582: BDXNUSDT
2025/09/19 23:05:20 main.go:121: 2025-09-19T23:05:20+03:00 [INFO] Bybit subscribe 79/582: BEAMUSDT
2025/09/19 23:05:20 main.go:121: 2025-09-19T23:05:20+03:00 [INFO] Bybit subscribe 80/582: BELUSDT
2025/09/19 23:05:20 main.go:121: 2025-09-19T23:05:20+03:00 [INFO] Bybit subscribe 81/582: BERAUSDT
2025/09/19 23:05:20 main.go:121: 2025-09-19T23:05:20+03:00 [INFO] Bybit subscribe 82/582: BGBUSDT
2025/09/19 23:05:20 main.go:121: 2025-09-19T23:05:20+03:00 [INFO] Bybit subscribe 83/582: BGSCUSDT
2025/09/19 23:05:20 main.go:121: 2025-09-19T23:05:20+03:00 [INFO] Bybit subscribe 84/582: BICOUSDT
2025/09/19 23:05:20 main.go:121: 2025-09-19T23:05:20+03:00 [INFO] Bybit subscribe 85/582: BIDUSDT
2025/09/19 23:05:20 main.go:121: 2025-09-19T23:05:20+03:00 [INFO] Bybit subscribe 86/582: BIGTIMEUSDT
2025/09/19 23:05:20 main.go:121: 2025-09-19T23:05:20+03:00 [INFO] Bybit subscribe 87/582: BIOUSDT
2025/09/19 23:05:20 main.go:121: 2025-09-19T23:05:20+03:00 [INFO] Bybit subscribe 88/582: BLASTUSDT
2025/09/19 23:05:20 main.go:121: 2025-09-19T23:05:20+03:00 [INFO] Bybit subscribe 89/582: BLURUSDT
2025/09/19 23:05:20 main.go:121: 2025-09-19T23:05:20+03:00 [INFO] Bybit subscribe 90/582: BLZUSDT
2025/09/19 23:05:20 main.go:121: 2025-09-19T23:05:20+03:00 [INFO] Bybit subscribe 91/582: BMTUSDT
2025/09/19 23:05:20 main.go:121: 2025-09-19T23:05:20+03:00 [INFO] Bybit subscribe 92/582: BNBUSDT
2025/09/19 23:05:20 main.go:121: 2025-09-19T23:05:20+03:00 [INFO] Bybit subscribe 93/582: BOBAUSDT
2025/09/19 23:05:20 main.go:121: 2025-09-19T23:05:20+03:00 [INFO] Bybit subscribe 94/582: BOMEUSDT
2025/09/19 23:05:20 main.go:121: 2025-09-19T23:05:20+03:00 [INFO] Bybit subscribe 95/582: BONKUSDT
2025/09/19 23:05:20 main.go:121: 2025-09-19T23:05:20+03:00 [INFO] Bybit subscribe 96/582: BOTUSDT
2025/09/19 23:05:20 main.go:121: 2025-09-19T23:05:20+03:00 [INFO] Bybit subscribe 97/582: BRUSDT
2025/09/19 23:05:20 main.go:121: 2025-09-19T23:05:20+03:00 [INFO] Bybit subscribe 98/582: BRETTUSDT
2025/09/19 23:05:20 main.go:121: 2025-09-19T23:05:20+03:00 [INFO] Bybit subscribe 99/582: BROCCOLIUSDT
2025/09/19 23:05:20 main.go:121: 2025-09-19T23:05:20+03:00 [INFO] Bybit subscribe 100/582: BSUUSDT
2025/09/19 23:05:20 main.go:129: 2025-09-19T23:05:20+03:00 [INFO] Bybit subscribed 100 symbols, pausing 150ms
2025/09/19 23:05:20 main.go:121: 2025-09-19T23:05:20+03:00 [INFO] Bybit subscribe 101/582: BSWUSDT
2025/09/19 23:05:20 main.go:121: 2025-09-19T23:05:20+03:00 [INFO] Bybit subscribe 102/582: BTCUSDT
2025/09/19 23:05:20 main.go:121: 2025-09-19T23:05:20+03:00 [INFO] Bybit subscribe 103/582: BTRUSDT
2025/09/19 23:05:20 main.go:121: 2025-09-19T23:05:20+03:00 [INFO] Bybit subscribe 104/582: BTTUSDT
2025/09/19 23:05:21 main.go:121: 2025-09-19T23:05:21+03:00 [INFO] Bybit subscribe 105/582: BULLAUSDT
2025/09/19 23:05:21 main.go:121: 2025-09-19T23:05:21+03:00 [INFO] Bybit subscribe 106/582: C98USDT
2025/09/19 23:05:21 main.go:121: 2025-09-19T23:05:21+03:00 [INFO] Bybit subscribe 107/582: CAKEUSDT
2025/09/19 23:05:21 main.go:121: 2025-09-19T23:05:21+03:00 [INFO] Bybit subscribe 108/582: CAMPUSDT
2025/09/19 23:05:21 main.go:121: 2025-09-19T23:05:21+03:00 [INFO] Bybit subscribe 109/582: CARVUSDT
2025/09/19 23:05:21 main.go:121: 2025-09-19T23:05:21+03:00 [INFO] Bybit subscribe 110/582: CATUSDT
2025/09/19 23:05:21 main.go:121: 2025-09-19T23:05:21+03:00 [INFO] Bybit subscribe 111/582: CATIUSDT
2025/09/19 23:05:21 main.go:121: 2025-09-19T23:05:21+03:00 [INFO] Bybit subscribe 112/582: CELOUSDT
2025/09/19 23:05:21 main.go:121: 2025-09-19T23:05:21+03:00 [INFO] Bybit subscribe 113/582: CELRUSDT
2025/09/19 23:05:21 main.go:121: 2025-09-19T23:05:21+03:00 [INFO] Bybit subscribe 114/582: CETUSUSDT
2025/09/19 23:05:21 main.go:121: 2025-09-19T23:05:21+03:00 [INFO] Bybit subscribe 115/582: CFXUSDT
2025/09/19 23:05:21 main.go:121: 2025-09-19T23:05:21+03:00 [INFO] Bybit subscribe 116/582: CGPTUSDT
2025/09/19 23:05:21 main.go:121: 2025-09-19T23:05:21+03:00 [INFO] Bybit subscribe 117/582: CHEEMSUSDT
2025/09/19 23:05:21 main.go:121: 2025-09-19T23:05:21+03:00 [INFO] Bybit subscribe 118/582: CHESSUSDT
2025/09/19 23:05:21 main.go:121: 2025-09-19T23:05:21+03:00 [INFO] Bybit subscribe 119/582: CHILLGUYUSDT
2025/09/19 23:05:21 main.go:121: 2025-09-19T23:05:21+03:00 [INFO] Bybit subscribe 120/582: CHRUSDT
2025/09/19 23:05:21 main.go:121: 2025-09-19T23:05:21+03:00 [INFO] Bybit subscribe 121/582: CKBUSDT
2025/09/19 23:05:21 main.go:121: 2025-09-19T23:05:21+03:00 [INFO] Bybit subscribe 122/582: CLANKERUSDT
2025/09/19 23:05:21 main.go:121: 2025-09-19T23:05:21+03:00 [INFO] Bybit subscribe 123/582: CLOUDUSDT
2025/09/19 23:05:21 main.go:121: 2025-09-19T23:05:21+03:00 [INFO] Bybit subscribe 124/582: COMPUSDT
2025/09/19 23:05:21 main.go:121: 2025-09-19T23:05:21+03:00 [INFO] Bybit subscribe 125/582: COOKUSDT
2025/09/19 23:05:21 main.go:121: 2025-09-19T23:05:21+03:00 [INFO] Bybit subscribe 126/582: COOKIEUSDT
2025/09/19 23:05:21 main.go:121: 2025-09-19T23:05:21+03:00 [INFO] Bybit subscribe 127/582: COQUSDT
2025/09/19 23:05:21 main.go:121: 2025-09-19T23:05:21+03:00 [INFO] Bybit subscribe 128/582: COREUSDT
2025/09/19 23:05:21 main.go:121: 2025-09-19T23:05:21+03:00 [INFO] Bybit subscribe 129/582: COTIUSDT
2025/09/19 23:05:21 main.go:121: 2025-09-19T23:05:21+03:00 [INFO] Bybit subscribe 130/582: COWUSDT
2025/09/19 23:05:21 main.go:121: 2025-09-19T23:05:21+03:00 [INFO] Bybit subscribe 131/582: CPOOLUSDT
2025/09/19 23:05:21 main.go:121: 2025-09-19T23:05:21+03:00 [INFO] Bybit subscribe 132/582: CRCLUSDT
2025/09/19 23:05:21 main.go:121: 2025-09-19T23:05:21+03:00 [INFO] Bybit subscribe 133/582: CRCLXUSDT
2025/09/19 23:05:21 main.go:121: 2025-09-19T23:05:21+03:00 [INFO] Bybit subscribe 134/582: CROUSDT
2025/09/19 23:05:21 main.go:121: 2025-09-19T23:05:21+03:00 [INFO] Bybit subscribe 135/582: CROSSUSDT
2025/09/19 23:05:21 main.go:121: 2025-09-19T23:05:21+03:00 [INFO] Bybit subscribe 136/582: CRVUSDT
2025/09/19 23:05:21 main.go:121: 2025-09-19T23:05:21+03:00 [INFO] Bybit subscribe 137/582: CTCUSDT
2025/09/19 23:05:21 main.go:121: 2025-09-19T23:05:21+03:00 [INFO] Bybit subscribe 138/582: CTKUSDT
2025/09/19 23:05:21 main.go:121: 2025-09-19T23:05:21+03:00 [INFO] Bybit subscribe 139/582: CUDISUSDT
2025/09/19 23:05:21 main.go:121: 2025-09-19T23:05:21+03:00 [INFO] Bybit subscribe 140/582: CVXUSDT
2025/09/19 23:05:21 main.go:121: 2025-09-19T23:05:21+03:00 [INFO] Bybit subscribe 141/582: CYBERUSDT
2025/09/19 23:05:21 gateio.go:35: 2025-09-19T23:05:21+03:00 [INFO] Gate connected
2025/09/19 23:05:21 main.go:121: 2025-09-19T23:05:21+03:00 [INFO] Bybit subscribe 142/582: DAMUSDT
2025/09/19 23:05:21 main.go:121: 2025-09-19T23:05:21+03:00 [INFO] Bybit subscribe 143/582: DARUSDT
2025/09/19 23:05:21 main.go:121: 2025-09-19T23:05:21+03:00 [INFO] Bybit subscribe 144/582: DARKUSDT
2025/09/19 23:05:21 main.go:121: 2025-09-19T23:05:21+03:00 [INFO] Bybit subscribe 145/582: DASHUSDT
2025/09/19 23:05:21 main.go:121: 2025-09-19T23:05:21+03:00 [INFO] Bybit subscribe 146/582: DBRUSDT
2025/09/19 23:05:21 main.go:121: 2025-09-19T23:05:21+03:00 [INFO] Bybit subscribe 147/582: DEEPUSDT
2025/09/19 23:05:21 main.go:121: 2025-09-19T23:05:21+03:00 [INFO] Bybit subscribe 148/582: DEFIUSDT
2025/09/19 23:05:21 main.go:121: 2025-09-19T23:05:21+03:00 [INFO] Bybit subscribe 149/582: DEGENUSDT
2025/09/19 23:05:21 main.go:121: 2025-09-19T23:05:21+03:00 [INFO] Bybit subscribe 150/582: DEGOUSDT
2025/09/19 23:05:21 main.go:121: 2025-09-19T23:05:21+03:00 [INFO] Bybit subscribe 151/582: DENTUSDT
2025/09/19 23:05:21 main.go:121: 2025-09-19T23:05:21+03:00 [INFO] Bybit subscribe 152/582: DEXEUSDT
2025/09/19 23:05:21 main.go:121: 2025-09-19T23:05:21+03:00 [INFO] Bybit subscribe 153/582: DFUSDT
2025/09/19 23:05:21 main.go:121: 2025-09-19T23:05:21+03:00 [INFO] Bybit subscribe 154/582: DGBUSDT
2025/09/19 23:05:21 main.go:121: 2025-09-19T23:05:21+03:00 [INFO] Bybit subscribe 155/582: DIAUSDT
2025/09/19 23:05:21 main.go:121: 2025-09-19T23:05:21+03:00 [INFO] Bybit subscribe 156/582: DMCUSDT
2025/09/19 23:05:21 main.go:121: 2025-09-19T23:05:21+03:00 [INFO] Bybit subscribe 157/582: DODOUSDT
2025/09/19 23:05:21 main.go:121: 2025-09-19T23:05:21+03:00 [INFO] Bybit subscribe 158/582: DOGUSDT
2025/09/19 23:05:21 main.go:121: 2025-09-19T23:05:21+03:00 [INFO] Bybit subscribe 159/582: DOGEUSDT
2025/09/19 23:05:21 main.go:121: 2025-09-19T23:05:21+03:00 [INFO] Bybit subscribe 160/582: DOGSUSDT
2025/09/19 23:05:21 main.go:121: 2025-09-19T23:05:21+03:00 [INFO] Bybit subscribe 161/582: DOLOUSDT
2025/09/19 23:05:21 main.go:121: 2025-09-19T23:05:21+03:00 [INFO] Bybit subscribe 162/582: DOODUSDT
2025/09/19 23:05:21 main.go:121: 2025-09-19T23:05:21+03:00 [INFO] Bybit subscribe 163/582: DOTUSDT
2025/09/19 23:05:21 main.go:121: 2025-09-19T23:05:21+03:00 [INFO] Bybit subscribe 164/582: DRIFTUSDT
2025/09/19 23:05:21 main.go:121: 2025-09-19T23:05:21+03:00 [INFO] Bybit subscribe 165/582: DUSKUSDT
2025/09/19 23:05:21 main.go:121: 2025-09-19T23:05:21+03:00 [INFO] Bybit subscribe 166/582: DYMUSDT
2025/09/19 23:05:21 main.go:121: 2025-09-19T23:05:21+03:00 [INFO] Bybit subscribe 167/582: EDUUSDT
2025/09/19 23:05:21 main.go:121: 2025-09-19T23:05:21+03:00 [INFO] Bybit subscribe 168/582: EGLDUSDT
2025/09/19 23:05:21 main.go:121: 2025-09-19T23:05:21+03:00 [INFO] Bybit subscribe 169/582: EIGENUSDT
2025/09/19 23:05:21 main.go:121: 2025-09-19T23:05:21+03:00 [INFO] Bybit subscribe 170/582: ELONUSDT
2025/09/19 23:05:21 main.go:121: 2025-09-19T23:05:21+03:00 [INFO] Bybit subscribe 171/582: ELXUSDT
2025/09/19 23:05:21 main.go:121: 2025-09-19T23:05:21+03:00 [INFO] Bybit subscribe 172/582: ENAUSDT
2025/09/19 23:05:21 main.go:121: 2025-09-19T23:05:21+03:00 [INFO] Bybit subscribe 173/582: ENJUSDT
2025/09/19 23:05:21 main.go:121: 2025-09-19T23:05:21+03:00 [INFO] Bybit subscribe 174/582: ENSUSDT
2025/09/19 23:05:21 main.go:121: 2025-09-19T23:05:21+03:00 [INFO] Bybit subscribe 175/582: EPICUSDT
2025/09/19 23:05:21 main.go:121: 2025-09-19T23:05:21+03:00 [INFO] Bybit subscribe 176/582: ERAUSDT
2025/09/19 23:05:21 main.go:121: 2025-09-19T23:05:21+03:00 [INFO] Bybit subscribe 177/582: ESUSDT
2025/09/19 23:05:21 main.go:121: 2025-09-19T23:05:21+03:00 [INFO] Bybit subscribe 178/582: ESPORTSUSDT
2025/09/19 23:05:21 main.go:121: 2025-09-19T23:05:21+03:00 [INFO] Bybit subscribe 179/582: ETUSDT
2025/09/19 23:05:21 main.go:121: 2025-09-19T23:05:21+03:00 [INFO] Bybit subscribe 180/582: ETCUSDT
2025/09/19 23:05:21 main.go:121: 2025-09-19T23:05:21+03:00 [INFO] Bybit subscribe 181/582: ETHUSDT
2025/09/19 23:05:21 main.go:121: 2025-09-19T23:05:21+03:00 [INFO] Bybit subscribe 182/582: ETHFIUSDT
2025/09/19 23:05:21 main.go:121: 2025-09-19T23:05:21+03:00 [INFO] Bybit subscribe 183/582: ETHWUSDT
2025/09/19 23:05:21 main.go:121: 2025-09-19T23:05:21+03:00 [INFO] Bybit subscribe 184/582: FARTCUSDT
2025/09/19 23:05:21 main.go:121: 2025-09-19T23:05:21+03:00 [INFO] Bybit subscribe 185/582: FARTCOINUSDT
2025/09/19 23:05:21 main.go:121: 2025-09-19T23:05:21+03:00 [INFO] Bybit subscribe 186/582: FBUSDT
2025/09/19 23:05:21 main.go:121: 2025-09-19T23:05:21+03:00 [INFO] Bybit subscribe 187/582: FETUSDT
2025/09/19 23:05:21 main.go:121: 2025-09-19T23:05:21+03:00 [INFO] Bybit subscribe 188/582: FHEUSDT
2025/09/19 23:05:21 main.go:121: 2025-09-19T23:05:21+03:00 [INFO] Bybit subscribe 189/582: FIDAUSDT
2025/09/19 23:05:21 main.go:121: 2025-09-19T23:05:21+03:00 [INFO] Bybit subscribe 190/582: FILUSDT
2025/09/19 23:05:21 main.go:121: 2025-09-19T23:05:21+03:00 [INFO] Bybit subscribe 191/582: FIOUSDT
2025/09/19 23:05:21 main.go:121: 2025-09-19T23:05:21+03:00 [INFO] Bybit subscribe 192/582: FISUSDT
2025/09/19 23:05:21 main.go:121: 2025-09-19T23:05:21+03:00 [INFO] Bybit subscribe 193/582: FLOCKUSDT
2025/09/19 23:05:21 main.go:121: 2025-09-19T23:05:21+03:00 [INFO] Bybit subscribe 194/582: FLOKIUSDT
2025/09/19 23:05:21 main.go:121: 2025-09-19T23:05:21+03:00 [INFO] Bybit subscribe 195/582: FLOWUSDT
2025/09/19 23:05:21 main.go:121: 2025-09-19T23:05:21+03:00 [INFO] Bybit subscribe 196/582: FLRUSDT
2025/09/19 23:05:21 main.go:121: 2025-09-19T23:05:21+03:00 [INFO] Bybit subscribe 197/582: FLUXUSDT
2025/09/19 23:05:21 main.go:121: 2025-09-19T23:05:21+03:00 [INFO] Bybit subscribe 198/582: FORMUSDT
2025/09/19 23:05:21 main.go:121: 2025-09-19T23:05:21+03:00 [INFO] Bybit subscribe 199/582: FORTHUSDT
2025/09/19 23:05:21 main.go:121: 2025-09-19T23:05:21+03:00 [INFO] Bybit subscribe 200/582: FTMUSDT
2025/09/19 23:05:21 main.go:129: 2025-09-19T23:05:21+03:00 [INFO] Bybit subscribed 200 symbols, pausing 150ms
2025/09/19 23:05:21 main.go:121: 2025-09-19T23:05:21+03:00 [INFO] Bybit subscribe 201/582: FUELUSDT
2025/09/19 23:05:21 main.go:121: 2025-09-19T23:05:21+03:00 [INFO] Bybit subscribe 202/582: FUNUSDT
2025/09/19 23:05:21 main.go:121: 2025-09-19T23:05:21+03:00 [INFO] Bybit subscribe 203/582: FWOGUSDT
2025/09/19 23:05:21 main.go:121: 2025-09-19T23:05:21+03:00 [INFO] Bybit subscribe 204/582: FXSUSDT
2025/09/19 23:05:21 main.go:121: 2025-09-19T23:05:21+03:00 [INFO] Bybit subscribe 205/582: GALAUSDT
2025/09/19 23:05:21 main.go:121: 2025-09-19T23:05:21+03:00 [INFO] Bybit subscribe 206/582: GATAUSDT
2025/09/19 23:05:21 main.go:121: 2025-09-19T23:05:21+03:00 [INFO] Bybit subscribe 207/582: GHSTUSDT
2025/09/19 23:05:21 main.go:121: 2025-09-19T23:05:21+03:00 [INFO] Bybit subscribe 208/582: GIGAUSDT
2025/09/19 23:05:21 main.go:121: 2025-09-19T23:05:21+03:00 [INFO] Bybit subscribe 209/582: GLMUSDT
2025/09/19 23:05:21 main.go:121: 2025-09-19T23:05:21+03:00 [INFO] Bybit subscribe 210/582: GLMRUSDT
2025/09/19 23:05:21 main.go:121: 2025-09-19T23:05:21+03:00 [INFO] Bybit subscribe 211/582: GMTUSDT
2025/09/19 23:05:21 main.go:121: 2025-09-19T23:05:21+03:00 [INFO] Bybit subscribe 212/582: GMXUSDT
2025/09/19 23:05:21 main.go:121: 2025-09-19T23:05:21+03:00 [INFO] Bybit subscribe 213/582: GNOUSDT
2025/09/19 23:05:21 main.go:121: 2025-09-19T23:05:21+03:00 [INFO] Bybit subscribe 214/582: GOATUSDT
2025/09/19 23:05:21 main.go:121: 2025-09-19T23:05:21+03:00 [INFO] Bybit subscribe 215/582: GORKUSDT
2025/09/19 23:05:21 main.go:121: 2025-09-19T23:05:21+03:00 [INFO] Bybit subscribe 216/582: GPSUSDT
2025/09/19 23:05:21 main.go:121: 2025-09-19T23:05:21+03:00 [INFO] Bybit subscribe 217/582: GRASSUSDT
2025/09/19 23:05:21 main.go:121: 2025-09-19T23:05:21+03:00 [INFO] Bybit subscribe 218/582: GRIFFAINUSDT
2025/09/19 23:05:21 main.go:121: 2025-09-19T23:05:21+03:00 [INFO] Bybit subscribe 219/582: GRTUSDT
2025/09/19 23:05:21 main.go:121: 2025-09-19T23:05:21+03:00 [INFO] Bybit subscribe 220/582: GTUSDT
2025/09/19 23:05:21 main.go:121: 2025-09-19T23:05:21+03:00 [INFO] Bybit subscribe 221/582: GTCUSDT
2025/09/19 23:05:21 main.go:121: 2025-09-19T23:05:21+03:00 [INFO] Bybit subscribe 222/582: GUNUSDT
2025/09/19 23:05:21 main.go:121: 2025-09-19T23:05:21+03:00 [INFO] Bybit subscribe 223/582: HAEDALUSDT
2025/09/19 23:05:21 main.go:121: 2025-09-19T23:05:21+03:00 [INFO] Bybit subscribe 224/582: HBARUSDT
2025/09/19 23:05:21 main.go:121: 2025-09-19T23:05:21+03:00 [INFO] Bybit subscribe 225/582: HEIUSDT
2025/09/19 23:05:21 main.go:121: 2025-09-19T23:05:21+03:00 [INFO] Bybit subscribe 226/582: HEMIUSDT
2025/09/19 23:05:21 main.go:121: 2025-09-19T23:05:21+03:00 [INFO] Bybit subscribe 227/582: HFTUSDT
2025/09/19 23:05:21 main.go:121: 2025-09-19T23:05:21+03:00 [INFO] Bybit subscribe 228/582: HIFIUSDT
2025/09/19 23:05:21 main.go:121: 2025-09-19T23:05:21+03:00 [INFO] Bybit subscribe 229/582: HIGHUSDT
2025/09/19 23:05:21 main.go:121: 2025-09-19T23:05:21+03:00 [INFO] Bybit subscribe 230/582: HIPPOUSDT
2025/09/19 23:05:21 main.go:121: 2025-09-19T23:05:21+03:00 [INFO] Bybit subscribe 231/582: HIVEUSDT
2025/09/19 23:05:21 main.go:121: 2025-09-19T23:05:21+03:00 [INFO] Bybit subscribe 232/582: HNTUSDT
2025/09/19 23:05:21 main.go:121: 2025-09-19T23:05:21+03:00 [INFO] Bybit subscribe 233/582: HOMEUSDT
2025/09/19 23:05:21 main.go:121: 2025-09-19T23:05:21+03:00 [INFO] Bybit subscribe 234/582: HOODUSDT
2025/09/19 23:05:21 main.go:121: 2025-09-19T23:05:21+03:00 [INFO] Bybit subscribe 235/582: HOUSEUSDT
2025/09/19 23:05:21 main.go:121: 2025-09-19T23:05:21+03:00 [INFO] Bybit subscribe 236/582: HUMAUSDT
2025/09/19 23:05:21 main.go:121: 2025-09-19T23:05:21+03:00 [INFO] Bybit subscribe 237/582: HYPERUSDT
2025/09/19 23:05:21 main.go:121: 2025-09-19T23:05:21+03:00 [INFO] Bybit subscribe 238/582: ICNTUSDT
2025/09/19 23:05:21 main.go:121: 2025-09-19T23:05:21+03:00 [INFO] Bybit subscribe 239/582: ICPUSDT
2025/09/19 23:05:21 main.go:121: 2025-09-19T23:05:21+03:00 [INFO] Bybit subscribe 240/582: ICXUSDT
2025/09/19 23:05:21 main.go:121: 2025-09-19T23:05:21+03:00 [INFO] Bybit subscribe 241/582: IDUSDT
2025/09/19 23:05:21 main.go:121: 2025-09-19T23:05:21+03:00 [INFO] Bybit subscribe 242/582: IDEXUSDT
2025/09/19 23:05:21 main.go:121: 2025-09-19T23:05:21+03:00 [INFO] Bybit subscribe 243/582: IDOLUSDT
2025/09/19 23:05:21 main.go:121: 2025-09-19T23:05:21+03:00 [INFO] Bybit subscribe 244/582: IKAUSDT
2025/09/19 23:05:21 main.go:121: 2025-09-19T23:05:21+03:00 [INFO] Bybit subscribe 245/582: ILVUSDT
2025/09/19 23:05:21 main.go:121: 2025-09-19T23:05:21+03:00 [INFO] Bybit subscribe 246/582: IMXUSDT
2025/09/19 23:05:21 main.go:121: 2025-09-19T23:05:21+03:00 [INFO] Bybit subscribe 247/582: INUSDT
2025/09/19 23:05:21 main.go:121: 2025-09-19T23:05:21+03:00 [INFO] Bybit subscribe 248/582: INITUSDT
2025/09/19 23:05:21 main.go:121: 2025-09-19T23:05:21+03:00 [INFO] Bybit subscribe 249/582: INJUSDT
2025/09/19 23:05:21 main.go:121: 2025-09-19T23:05:21+03:00 [INFO] Bybit subscribe 250/582: IOUSDT
2025/09/19 23:05:21 main.go:121: 2025-09-19T23:05:21+03:00 [INFO] Bybit subscribe 251/582: IOTAUSDT
2025/09/19 23:05:21 main.go:121: 2025-09-19T23:05:21+03:00 [INFO] Bybit subscribe 252/582: IOTXUSDT
2025/09/19 23:05:21 main.go:121: 2025-09-19T23:05:21+03:00 [INFO] Bybit subscribe 253/582: IPUSDT
2025/09/19 23:05:21 main.go:121: 2025-09-19T23:05:21+03:00 [INFO] Bybit subscribe 254/582: JASMYUSDT
2025/09/19 23:05:21 main.go:121: 2025-09-19T23:05:21+03:00 [INFO] Bybit subscribe 255/582: JELLYJELLYUSDT
2025/09/19 23:05:21 main.go:121: 2025-09-19T23:05:21+03:00 [INFO] Bybit subscribe 256/582: JOEUSDT
2025/09/19 23:05:21 main.go:121: 2025-09-19T23:05:21+03:00 [INFO] Bybit subscribe 257/582: JSTUSDT
2025/09/19 23:05:21 main.go:121: 2025-09-19T23:05:21+03:00 [INFO] Bybit subscribe 258/582: JTOUSDT
2025/09/19 23:05:21 main.go:121: 2025-09-19T23:05:21+03:00 [INFO] Bybit subscribe 259/582: JUPUSDT
2025/09/19 23:05:21 main.go:121: 2025-09-19T23:05:21+03:00 [INFO] Bybit subscribe 260/582: KASUSDT
2025/09/19 23:05:21 main.go:121: 2025-09-19T23:05:21+03:00 [INFO] Bybit subscribe 261/582: KAVAUSDT
2025/09/19 23:05:21 main.go:121: 2025-09-19T23:05:21+03:00 [INFO] Bybit subscribe 262/582: KERNELUSDT
2025/09/19 23:05:22 main.go:121: 2025-09-19T23:05:22+03:00 [INFO] Bybit subscribe 263/582: KEYUSDT
2025/09/19 23:05:22 main.go:121: 2025-09-19T23:05:22+03:00 [INFO] Bybit subscribe 264/582: KMNOUSDT
2025/09/19 23:05:22 main.go:121: 2025-09-19T23:05:22+03:00 [INFO] Bybit subscribe 265/582: KNCUSDT
2025/09/19 23:05:22 main.go:121: 2025-09-19T23:05:22+03:00 [INFO] Bybit subscribe 266/582: KOMAUSDT
2025/09/19 23:05:22 main.go:121: 2025-09-19T23:05:22+03:00 [INFO] Bybit subscribe 267/582: KSMUSDT
2025/09/19 23:05:22 main.go:121: 2025-09-19T23:05:22+03:00 [INFO] Bybit subscribe 268/582: L3USDT
2025/09/19 23:05:22 main.go:121: 2025-09-19T23:05:22+03:00 [INFO] Bybit subscribe 269/582: LAUSDT
2025/09/19 23:05:22 main.go:121: 2025-09-19T23:05:22+03:00 [INFO] Bybit subscribe 270/582: LADYSUSDT
2025/09/19 23:05:22 main.go:121: 2025-09-19T23:05:22+03:00 [INFO] Bybit subscribe 271/582: LAUNCHCOINUSDT
2025/09/19 23:05:22 main.go:121: 2025-09-19T23:05:22+03:00 [INFO] Bybit subscribe 272/582: LAYERUSDT
2025/09/19 23:05:22 main.go:121: 2025-09-19T23:05:22+03:00 [INFO] Bybit subscribe 273/582: LDOUSDT
2025/09/19 23:05:22 main.go:121: 2025-09-19T23:05:22+03:00 [INFO] Bybit subscribe 274/582: LEVERUSDT
2025/09/19 23:05:22 main.go:121: 2025-09-19T23:05:22+03:00 [INFO] Bybit subscribe 275/582: LINEAUSDT
2025/09/19 23:05:22 main.go:121: 2025-09-19T23:05:22+03:00 [INFO] Bybit subscribe 276/582: LINKUSDT
2025/09/19 23:05:22 main.go:121: 2025-09-19T23:05:22+03:00 [INFO] Bybit subscribe 277/582: LISTAUSDT
2025/09/19 23:05:22 main.go:121: 2025-09-19T23:05:22+03:00 [INFO] Bybit subscribe 278/582: LITUSDT
2025/09/19 23:05:22 main.go:121: 2025-09-19T23:05:22+03:00 [INFO] Bybit subscribe 279/582: LOOMUSDT
2025/09/19 23:05:22 main.go:121: 2025-09-19T23:05:22+03:00 [INFO] Bybit subscribe 280/582: LPTUSDT
2025/09/19 23:05:22 main.go:121: 2025-09-19T23:05:22+03:00 [INFO] Bybit subscribe 281/582: LQTYUSDT
2025/09/19 23:05:22 main.go:121: 2025-09-19T23:05:22+03:00 [INFO] Bybit subscribe 282/582: LSKUSDT
2025/09/19 23:05:22 main.go:121: 2025-09-19T23:05:22+03:00 [INFO] Bybit subscribe 283/582: LTCUSDT
2025/09/19 23:05:22 main.go:121: 2025-09-19T23:05:22+03:00 [INFO] Bybit subscribe 284/582: LUNAUSDT
2025/09/19 23:05:22 main.go:121: 2025-09-19T23:05:22+03:00 [INFO] Bybit subscribe 285/582: MAGICUSDT
2025/09/19 23:05:22 main.go:121: 2025-09-19T23:05:22+03:00 [INFO] Bybit subscribe 286/582: MAJORUSDT
2025/09/19 23:05:22 main.go:121: 2025-09-19T23:05:22+03:00 [INFO] Bybit subscribe 287/582: MANAUSDT
2025/09/19 23:05:22 main.go:121: 2025-09-19T23:05:22+03:00 [INFO] Bybit subscribe 288/582: MANTAUSDT
2025/09/19 23:05:22 main.go:121: 2025-09-19T23:05:22+03:00 [INFO] Bybit subscribe 289/582: MASAUSDT
2025/09/19 23:05:22 main.go:121: 2025-09-19T23:05:22+03:00 [INFO] Bybit subscribe 290/582: MASKUSDT
2025/09/19 23:05:22 main.go:121: 2025-09-19T23:05:22+03:00 [INFO] Bybit subscribe 291/582: MATUSDT
2025/09/19 23:05:22 main.go:121: 2025-09-19T23:05:22+03:00 [INFO] Bybit subscribe 292/582: MAVUSDT
2025/09/19 23:05:22 main.go:121: 2025-09-19T23:05:22+03:00 [INFO] Bybit subscribe 293/582: MAVIAUSDT
2025/09/19 23:05:22 main.go:121: 2025-09-19T23:05:22+03:00 [INFO] Bybit subscribe 294/582: MBOXUSDT
2025/09/19 23:05:22 main.go:121: 2025-09-19T23:05:22+03:00 [INFO] Bybit subscribe 295/582: MEUSDT
2025/09/19 23:05:22 main.go:121: 2025-09-19T23:05:22+03:00 [INFO] Bybit subscribe 296/582: MELANIAUSDT
2025/09/19 23:05:22 main.go:121: 2025-09-19T23:05:22+03:00 [INFO] Bybit subscribe 297/582: MEMEUSDT
2025/09/19 23:05:22 main.go:121: 2025-09-19T23:05:22+03:00 [INFO] Bybit subscribe 298/582: MEMECOINUSDT
2025/09/19 23:05:22 main.go:121: 2025-09-19T23:05:22+03:00 [INFO] Bybit subscribe 299/582: MEMEFIUSDT
2025/09/19 23:05:22 main.go:121: 2025-09-19T23:05:22+03:00 [INFO] Bybit subscribe 300/582: MERLUSDT
2025/09/19 23:05:22 main.go:129: 2025-09-19T23:05:22+03:00 [INFO] Bybit subscribed 300 symbols, pausing 150ms
2025/09/19 23:05:22 main.go:171: 2025-09-19T23:05:22+03:00 [INFO] Gate subscribed 100 symbols, pausing 150ms
2025/09/19 23:05:22 main.go:121: 2025-09-19T23:05:22+03:00 [INFO] Bybit subscribe 301/582: METAUSDT
2025/09/19 23:05:22 main.go:121: 2025-09-19T23:05:22+03:00 [INFO] Bybit subscribe 302/582: METISUSDT
2025/09/19 23:05:22 main.go:121: 2025-09-19T23:05:22+03:00 [INFO] Bybit subscribe 303/582: MEWUSDT
2025/09/19 23:05:22 main.go:121: 2025-09-19T23:05:22+03:00 [INFO] Bybit subscribe 304/582: MILKUSDT
2025/09/19 23:05:22 main.go:121: 2025-09-19T23:05:22+03:00 [INFO] Bybit subscribe 305/582: MINAUSDT
2025/09/19 23:05:22 main.go:121: 2025-09-19T23:05:22+03:00 [INFO] Bybit subscribe 306/582: MITOUSDT
2025/09/19 23:05:22 main.go:121: 2025-09-19T23:05:22+03:00 [INFO] Bybit subscribe 307/582: MKRUSDT
2025/09/19 23:05:22 main.go:121: 2025-09-19T23:05:22+03:00 [INFO] Bybit subscribe 308/582: MLNUSDT
2025/09/19 23:05:22 main.go:121: 2025-09-19T23:05:22+03:00 [INFO] Bybit subscribe 309/582: MNTUSDT
2025/09/19 23:05:22 main.go:121: 2025-09-19T23:05:22+03:00 [INFO] Bybit subscribe 310/582: MOCAUSDT
2025/09/19 23:05:22 main.go:121: 2025-09-19T23:05:22+03:00 [INFO] Bybit subscribe 311/582: MOGUSDT
2025/09/19 23:05:22 main.go:121: 2025-09-19T23:05:22+03:00 [INFO] Bybit subscribe 312/582: MOODUSDT
2025/09/19 23:05:22 main.go:121: 2025-09-19T23:05:22+03:00 [INFO] Bybit subscribe 313/582: MOODENGUSDT
2025/09/19 23:05:22 main.go:121: 2025-09-19T23:05:22+03:00 [INFO] Bybit subscribe 314/582: MOREUSDT
2025/09/19 23:05:22 main.go:121: 2025-09-19T23:05:22+03:00 [INFO] Bybit subscribe 315/582: MORPHOUSDT
2025/09/19 23:05:22 main.go:121: 2025-09-19T23:05:22+03:00 [INFO] Bybit subscribe 316/582: MSTRXUSDT
2025/09/19 23:05:22 main.go:121: 2025-09-19T23:05:22+03:00 [INFO] Bybit subscribe 317/582: MUBARAKUSDT
2025/09/19 23:05:22 main.go:121: 2025-09-19T23:05:22+03:00 [INFO] Bybit subscribe 318/582: MVLUSDT
2025/09/19 23:05:22 main.go:121: 2025-09-19T23:05:22+03:00 [INFO] Bybit subscribe 319/582: MYRIAUSDT
2025/09/19 23:05:22 main.go:121: 2025-09-19T23:05:22+03:00 [INFO] Bybit subscribe 320/582: MYROUSDT
2025/09/19 23:05:22 main.go:121: 2025-09-19T23:05:22+03:00 [INFO] Bybit subscribe 321/582: MYXUSDT
2025/09/19 23:05:22 main.go:121: 2025-09-19T23:05:22+03:00 [INFO] Bybit subscribe 322/582: NAORISUSDT
2025/09/19 23:05:22 main.go:121: 2025-09-19T23:05:22+03:00 [INFO] Bybit subscribe 323/582: NAVXUSDT
2025/09/19 23:05:22 main.go:121: 2025-09-19T23:05:22+03:00 [INFO] Bybit subscribe 324/582: NEARUSDT
2025/09/19 23:05:22 main.go:121: 2025-09-19T23:05:22+03:00 [INFO] Bybit subscribe 325/582: NEIROUSDT
2025/09/19 23:05:22 main.go:121: 2025-09-19T23:05:22+03:00 [INFO] Bybit subscribe 326/582: NEOUSDT
2025/09/19 23:05:22 main.go:121: 2025-09-19T23:05:22+03:00 [INFO] Bybit subscribe 327/582: NEWTUSDT
2025/09/19 23:05:22 main.go:121: 2025-09-19T23:05:22+03:00 [INFO] Bybit subscribe 328/582: NILUSDT
2025/09/19 23:05:22 main.go:121: 2025-09-19T23:05:22+03:00 [INFO] Bybit subscribe 329/582: NMRUSDT
2025/09/19 23:05:22 main.go:121: 2025-09-19T23:05:22+03:00 [INFO] Bybit subscribe 330/582: NODEUSDT
2025/09/19 23:05:22 main.go:121: 2025-09-19T23:05:22+03:00 [INFO] Bybit subscribe 331/582: NOTUSDT
2025/09/19 23:05:22 main.go:121: 2025-09-19T23:05:22+03:00 [INFO] Bybit subscribe 332/582: NSUSDT
2025/09/19 23:05:22 main.go:121: 2025-09-19T23:05:22+03:00 [INFO] Bybit subscribe 333/582: NVDAUSDT
2025/09/19 23:05:22 main.go:121: 2025-09-19T23:05:22+03:00 [INFO] Bybit subscribe 334/582: NVDAXUSDT
2025/09/19 23:05:22 main.go:121: 2025-09-19T23:05:22+03:00 [INFO] Bybit subscribe 335/582: NXPCUSDT
2025/09/19 23:05:22 main.go:121: 2025-09-19T23:05:22+03:00 [INFO] Bybit subscribe 336/582: OBOLUSDT
2025/09/19 23:05:22 main.go:121: 2025-09-19T23:05:22+03:00 [INFO] Bybit subscribe 337/582: OBTUSDT
2025/09/19 23:05:22 main.go:121: 2025-09-19T23:05:22+03:00 [INFO] Bybit subscribe 338/582: OCEANUSDT
2025/09/19 23:05:22 main.go:121: 2025-09-19T23:05:22+03:00 [INFO] Bybit subscribe 339/582: OGNUSDT
2025/09/19 23:05:22 main.go:121: 2025-09-19T23:05:22+03:00 [INFO] Bybit subscribe 340/582: OKBUSDT
2025/09/19 23:05:22 main.go:121: 2025-09-19T23:05:22+03:00 [INFO] Bybit subscribe 341/582: OLUSDT
2025/09/19 23:05:22 main.go:121: 2025-09-19T23:05:22+03:00 [INFO] Bybit subscribe 342/582: OMUSDT
2025/09/19 23:05:22 main.go:121: 2025-09-19T23:05:22+03:00 [INFO] Bybit subscribe 343/582: OMGUSDT
2025/09/19 23:05:22 main.go:121: 2025-09-19T23:05:22+03:00 [INFO] Bybit subscribe 344/582: OMNIUSDT
2025/09/19 23:05:22 main.go:121: 2025-09-19T23:05:22+03:00 [INFO] Bybit subscribe 345/582: ONDOUSDT
2025/09/19 23:05:22 main.go:121: 2025-09-19T23:05:22+03:00 [INFO] Bybit subscribe 346/582: ONEUSDT
2025/09/19 23:05:22 main.go:121: 2025-09-19T23:05:22+03:00 [INFO] Bybit subscribe 347/582: ONGUSDT
2025/09/19 23:05:22 main.go:121: 2025-09-19T23:05:22+03:00 [INFO] Bybit subscribe 348/582: ONTUSDT
2025/09/19 23:05:22 main.go:121: 2025-09-19T23:05:22+03:00 [INFO] Bybit subscribe 349/582: OPUSDT
2025/09/19 23:05:22 main.go:121: 2025-09-19T23:05:22+03:00 [INFO] Bybit subscribe 350/582: OPENUSDT
2025/09/19 23:05:22 main.go:121: 2025-09-19T23:05:22+03:00 [INFO] Bybit subscribe 351/582: ORBSUSDT
2025/09/19 23:05:22 main.go:121: 2025-09-19T23:05:22+03:00 [INFO] Bybit subscribe 352/582: ORDERUSDT
2025/09/19 23:05:22 main.go:121: 2025-09-19T23:05:22+03:00 [INFO] Bybit subscribe 353/582: ORDIUSDT
2025/09/19 23:05:22 main.go:121: 2025-09-19T23:05:22+03:00 [INFO] Bybit subscribe 354/582: OSMOUSDT
2025/09/19 23:05:22 main.go:121: 2025-09-19T23:05:22+03:00 [INFO] Bybit subscribe 355/582: OXTUSDT
2025/09/19 23:05:22 main.go:121: 2025-09-19T23:05:22+03:00 [INFO] Bybit subscribe 356/582: PARTIUSDT
2025/09/19 23:05:22 main.go:121: 2025-09-19T23:05:22+03:00 [INFO] Bybit subscribe 357/582: PAXGUSDT
2025/09/19 23:05:22 main.go:121: 2025-09-19T23:05:22+03:00 [INFO] Bybit subscribe 358/582: PEAQUSDT
2025/09/19 23:05:22 main.go:121: 2025-09-19T23:05:22+03:00 [INFO] Bybit subscribe 359/582: PEIPEIUSDT
2025/09/19 23:05:22 main.go:121: 2025-09-19T23:05:22+03:00 [INFO] Bybit subscribe 360/582: PENDLEUSDT
2025/09/19 23:05:22 main.go:121: 2025-09-19T23:05:22+03:00 [INFO] Bybit subscribe 361/582: PENGUUSDT
2025/09/19 23:05:22 main.go:121: 2025-09-19T23:05:22+03:00 [INFO] Bybit subscribe 362/582: PEOPLEUSDT
2025/09/19 23:05:22 main.go:121: 2025-09-19T23:05:22+03:00 [INFO] Bybit subscribe 363/582: PEPEUSDT
2025/09/19 23:05:22 main.go:121: 2025-09-19T23:05:22+03:00 [INFO] Bybit subscribe 364/582: PERPUSDT
2025/09/19 23:05:22 main.go:121: 2025-09-19T23:05:22+03:00 [INFO] Bybit subscribe 365/582: PHAUSDT
2025/09/19 23:05:22 main.go:121: 2025-09-19T23:05:22+03:00 [INFO] Bybit subscribe 366/582: PHBUSDT
2025/09/19 23:05:22 main.go:121: 2025-09-19T23:05:22+03:00 [INFO] Bybit subscribe 367/582: PIUSDT
2025/09/19 23:05:22 main.go:121: 2025-09-19T23:05:22+03:00 [INFO] Bybit subscribe 368/582: PIPPINUSDT
2025/09/19 23:05:22 main.go:121: 2025-09-19T23:05:22+03:00 [INFO] Bybit subscribe 369/582: PIXELUSDT
2025/09/19 23:05:22 main.go:121: 2025-09-19T23:05:22+03:00 [INFO] Bybit subscribe 370/582: PLAYUSDT
2025/09/19 23:05:22 main.go:121: 2025-09-19T23:05:22+03:00 [INFO] Bybit subscribe 371/582: PLUMEUSDT
2025/09/19 23:05:22 main.go:121: 2025-09-19T23:05:22+03:00 [INFO] Bybit subscribe 372/582: PNUTUSDT
2025/09/19 23:05:22 main.go:121: 2025-09-19T23:05:22+03:00 [INFO] Bybit subscribe 373/582: POLUSDT
2025/09/19 23:05:22 main.go:121: 2025-09-19T23:05:22+03:00 [INFO] Bybit subscribe 374/582: POLYXUSDT
2025/09/19 23:05:22 main.go:121: 2025-09-19T23:05:22+03:00 [INFO] Bybit subscribe 375/582: PONKEUSDT
2025/09/19 23:05:22 main.go:121: 2025-09-19T23:05:22+03:00 [INFO] Bybit subscribe 376/582: POPUSDT
2025/09/19 23:05:22 main.go:121: 2025-09-19T23:05:22+03:00 [INFO] Bybit subscribe 377/582: POPCATUSDT
2025/09/19 23:05:22 main.go:121: 2025-09-19T23:05:22+03:00 [INFO] Bybit subscribe 378/582: PORT3USDT
2025/09/19 23:05:22 main.go:121: 2025-09-19T23:05:22+03:00 [INFO] Bybit subscribe 379/582: POWRUSDT
2025/09/19 23:05:22 main.go:121: 2025-09-19T23:05:22+03:00 [INFO] Bybit subscribe 380/582: PRCLUSDT
2025/09/19 23:05:22 main.go:121: 2025-09-19T23:05:22+03:00 [INFO] Bybit subscribe 381/582: PRIMEUSDT
2025/09/19 23:05:22 main.go:121: 2025-09-19T23:05:22+03:00 [INFO] Bybit subscribe 382/582: PROMUSDT
2025/09/19 23:05:22 main.go:121: 2025-09-19T23:05:22+03:00 [INFO] Bybit subscribe 383/582: PROMPTUSDT
2025/09/19 23:05:22 main.go:121: 2025-09-19T23:05:22+03:00 [INFO] Bybit subscribe 384/582: PROVEUSDT
2025/09/19 23:05:22 main.go:121: 2025-09-19T23:05:22+03:00 [INFO] Bybit subscribe 385/582: PTBUSDT
2025/09/19 23:05:22 main.go:121: 2025-09-19T23:05:22+03:00 [INFO] Bybit subscribe 386/582: PUBLICUSDT
2025/09/19 23:05:22 main.go:121: 2025-09-19T23:05:22+03:00 [INFO] Bybit subscribe 387/582: PUFFERUSDT
2025/09/19 23:05:22 main.go:121: 2025-09-19T23:05:22+03:00 [INFO] Bybit subscribe 388/582: PUMPUSDT
2025/09/19 23:05:22 main.go:121: 2025-09-19T23:05:22+03:00 [INFO] Bybit subscribe 389/582: PUMPBTCUSDT
2025/09/19 23:05:22 main.go:121: 2025-09-19T23:05:22+03:00 [INFO] Bybit subscribe 390/582: PYRUSDT
2025/09/19 23:05:22 main.go:121: 2025-09-19T23:05:22+03:00 [INFO] Bybit subscribe 391/582: PYTHUSDT
2025/09/19 23:05:22 main.go:121: 2025-09-19T23:05:22+03:00 [INFO] Bybit subscribe 392/582: QIUSDT
2025/09/19 23:05:22 main.go:121: 2025-09-19T23:05:22+03:00 [INFO] Bybit subscribe 393/582: QNTUSDT
2025/09/19 23:05:22 main.go:121: 2025-09-19T23:05:22+03:00 [INFO] Bybit subscribe 394/582: QQQXUSDT
2025/09/19 23:05:22 main.go:121: 2025-09-19T23:05:22+03:00 [INFO] Bybit subscribe 395/582: QUBICUSDT
2025/09/19 23:05:22 main.go:121: 2025-09-19T23:05:22+03:00 [INFO] Bybit subscribe 396/582: QUICKUSDT
2025/09/19 23:05:22 main.go:121: 2025-09-19T23:05:22+03:00 [INFO] Bybit subscribe 397/582: RADUSDT
2025/09/19 23:05:22 main.go:121: 2025-09-19T23:05:22+03:00 [INFO] Bybit subscribe 398/582: RAREUSDT
2025/09/19 23:05:22 main.go:121: 2025-09-19T23:05:22+03:00 [INFO] Bybit subscribe 399/582: RATSUSDT
2025/09/19 23:05:22 main.go:121: 2025-09-19T23:05:22+03:00 [INFO] Bybit subscribe 400/582: RAYUSDT
2025/09/19 23:05:22 main.go:129: 2025-09-19T23:05:22+03:00 [INFO] Bybit subscribed 400 symbols, pausing 150ms
2025/09/19 23:05:23 main.go:121: 2025-09-19T23:05:23+03:00 [INFO] Bybit subscribe 401/582: RDNTUSDT
2025/09/19 23:05:23 main.go:121: 2025-09-19T23:05:23+03:00 [INFO] Bybit subscribe 402/582: REDUSDT
2025/09/19 23:05:23 main.go:121: 2025-09-19T23:05:23+03:00 [INFO] Bybit subscribe 403/582: REEFUSDT
2025/09/19 23:05:23 main.go:121: 2025-09-19T23:05:23+03:00 [INFO] Bybit subscribe 404/582: REIUSDT
2025/09/19 23:05:23 main.go:121: 2025-09-19T23:05:23+03:00 [INFO] Bybit subscribe 405/582: RENUSDT
2025/09/19 23:05:23 main.go:121: 2025-09-19T23:05:23+03:00 [INFO] Bybit subscribe 406/582: RENDERUSDT
2025/09/19 23:05:23 main.go:121: 2025-09-19T23:05:23+03:00 [INFO] Bybit subscribe 407/582: REQUSDT
2025/09/19 23:05:23 main.go:121: 2025-09-19T23:05:23+03:00 [INFO] Bybit subscribe 408/582: RESUSDT
2025/09/19 23:05:23 main.go:121: 2025-09-19T23:05:23+03:00 [INFO] Bybit subscribe 409/582: RESOLVUSDT
2025/09/19 23:05:23 main.go:121: 2025-09-19T23:05:23+03:00 [INFO] Bybit subscribe 410/582: REXUSDT
2025/09/19 23:05:23 main.go:121: 2025-09-19T23:05:23+03:00 [INFO] Bybit subscribe 411/582: REZUSDT
2025/09/19 23:05:23 main.go:121: 2025-09-19T23:05:23+03:00 [INFO] Bybit subscribe 412/582: RFCUSDT
2025/09/19 23:05:23 main.go:121: 2025-09-19T23:05:23+03:00 [INFO] Bybit subscribe 413/582: RHEAUSDT
2025/09/19 23:05:23 main.go:121: 2025-09-19T23:05:23+03:00 [INFO] Bybit subscribe 414/582: RLCUSDT
2025/09/19 23:05:23 main.go:121: 2025-09-19T23:05:23+03:00 [INFO] Bybit subscribe 415/582: ROAMUSDT
2025/09/19 23:05:23 main.go:121: 2025-09-19T23:05:23+03:00 [INFO] Bybit subscribe 416/582: RONUSDT
2025/09/19 23:05:23 main.go:121: 2025-09-19T23:05:23+03:00 [INFO] Bybit subscribe 417/582: RONINUSDT
2025/09/19 23:05:23 main.go:121: 2025-09-19T23:05:23+03:00 [INFO] Bybit subscribe 418/582: ROSEUSDT
2025/09/19 23:05:23 main.go:121: 2025-09-19T23:05:23+03:00 [INFO] Bybit subscribe 419/582: RPLUSDT
2025/09/19 23:05:23 main.go:121: 2025-09-19T23:05:23+03:00 [INFO] Bybit subscribe 420/582: RSRUSDT
2025/09/19 23:05:23 main.go:121: 2025-09-19T23:05:23+03:00 [INFO] Bybit subscribe 421/582: RSS3USDT
2025/09/19 23:05:23 main.go:121: 2025-09-19T23:05:23+03:00 [INFO] Bybit subscribe 422/582: RUNEUSDT
2025/09/19 23:05:23 main.go:121: 2025-09-19T23:05:23+03:00 [INFO] Bybit subscribe 423/582: RWAUSDT
2025/09/19 23:05:23 main.go:121: 2025-09-19T23:05:23+03:00 [INFO] Bybit subscribe 424/582: SAFEUSDT
2025/09/19 23:05:23 main.go:121: 2025-09-19T23:05:23+03:00 [INFO] Bybit subscribe 425/582: SAHUSDT
2025/09/19 23:05:23 main.go:121: 2025-09-19T23:05:23+03:00 [INFO] Bybit subscribe 426/582: SAHARAUSDT
2025/09/19 23:05:23 main.go:121: 2025-09-19T23:05:23+03:00 [INFO] Bybit subscribe 427/582: SANDUSDT
2025/09/19 23:05:23 main.go:121: 2025-09-19T23:05:23+03:00 [INFO] Bybit subscribe 428/582: SANTOSUSDT
2025/09/19 23:05:23 main.go:121: 2025-09-19T23:05:23+03:00 [INFO] Bybit subscribe 429/582: SAPIENUSDT
2025/09/19 23:05:23 main.go:121: 2025-09-19T23:05:23+03:00 [INFO] Bybit subscribe 430/582: SAROSUSDT
2025/09/19 23:05:23 main.go:121: 2025-09-19T23:05:23+03:00 [INFO] Bybit subscribe 431/582: SCUSDT
2025/09/19 23:05:23 main.go:121: 2025-09-19T23:05:23+03:00 [INFO] Bybit subscribe 432/582: SCAUSDT
2025/09/19 23:05:23 main.go:121: 2025-09-19T23:05:23+03:00 [INFO] Bybit subscribe 433/582: SCRUSDT
2025/09/19 23:05:23 main.go:121: 2025-09-19T23:05:23+03:00 [INFO] Bybit subscribe 434/582: SCRTUSDT
2025/09/19 23:05:23 main.go:121: 2025-09-19T23:05:23+03:00 [INFO] Bybit subscribe 435/582: SDUSDT
2025/09/19 23:05:23 main.go:121: 2025-09-19T23:05:23+03:00 [INFO] Bybit subscribe 436/582: SEIUSDT
2025/09/19 23:05:23 main.go:121: 2025-09-19T23:05:23+03:00 [INFO] Bybit subscribe 437/582: SENDUSDT
2025/09/19 23:05:23 main.go:121: 2025-09-19T23:05:23+03:00 [INFO] Bybit subscribe 438/582: SERAPHUSDT
2025/09/19 23:05:23 main.go:121: 2025-09-19T23:05:23+03:00 [INFO] Bybit subscribe 439/582: SFPUSDT
2025/09/19 23:05:23 main.go:121: 2025-09-19T23:05:23+03:00 [INFO] Bybit subscribe 440/582: SHELLUSDT
2025/09/19 23:05:23 main.go:121: 2025-09-19T23:05:23+03:00 [INFO] Bybit subscribe 441/582: SHIBUSDT
2025/09/19 23:05:23 main.go:121: 2025-09-19T23:05:23+03:00 [INFO] Bybit subscribe 442/582: SIGNUSDT
2025/09/19 23:05:23 main.go:121: 2025-09-19T23:05:23+03:00 [INFO] Bybit subscribe 443/582: SIRENUSDT
2025/09/19 23:05:23 main.go:121: 2025-09-19T23:05:23+03:00 [INFO] Bybit subscribe 444/582: SKATEUSDT
2025/09/19 23:05:23 main.go:121: 2025-09-19T23:05:23+03:00 [INFO] Bybit subscribe 445/582: SKLUSDT
2025/09/19 23:05:23 main.go:121: 2025-09-19T23:05:23+03:00 [INFO] Bybit subscribe 446/582: SKYUSDT
2025/09/19 23:05:23 main.go:121: 2025-09-19T23:05:23+03:00 [INFO] Bybit subscribe 447/582: SKYAIUSDT
2025/09/19 23:05:23 main.go:121: 2025-09-19T23:05:23+03:00 [INFO] Bybit subscribe 448/582: SLAYUSDT
2025/09/19 23:05:23 main.go:121: 2025-09-19T23:05:23+03:00 [INFO] Bybit subscribe 449/582: SLERFUSDT
2025/09/19 23:05:23 main.go:121: 2025-09-19T23:05:23+03:00 [INFO] Bybit subscribe 450/582: SLPUSDT
2025/09/19 23:05:23 main.go:121: 2025-09-19T23:05:23+03:00 [INFO] Bybit subscribe 451/582: SNTUSDT
2025/09/19 23:05:23 main.go:121: 2025-09-19T23:05:23+03:00 [INFO] Bybit subscribe 452/582: SNXUSDT
2025/09/19 23:05:23 main.go:121: 2025-09-19T23:05:23+03:00 [INFO] Bybit subscribe 453/582: SOLUSDT
2025/09/19 23:05:23 main.go:121: 2025-09-19T23:05:23+03:00 [INFO] Bybit subscribe 454/582: SOLAYERUSDT
2025/09/19 23:05:23 main.go:121: 2025-09-19T23:05:23+03:00 [INFO] Bybit subscribe 455/582: SOLOUSDT
2025/09/19 23:05:23 main.go:121: 2025-09-19T23:05:23+03:00 [INFO] Bybit subscribe 456/582: SOLVUSDT
2025/09/19 23:05:23 main.go:121: 2025-09-19T23:05:23+03:00 [INFO] Bybit subscribe 457/582: SOMIUSDT
2025/09/19 23:05:23 main.go:121: 2025-09-19T23:05:23+03:00 [INFO] Bybit subscribe 458/582: SONICUSDT
2025/09/19 23:05:23 main.go:121: 2025-09-19T23:05:23+03:00 [INFO] Bybit subscribe 459/582: SOONUSDT
2025/09/19 23:05:23 main.go:121: 2025-09-19T23:05:23+03:00 [INFO] Bybit subscribe 460/582: SOPHUSDT
2025/09/19 23:05:23 main.go:121: 2025-09-19T23:05:23+03:00 [INFO] Bybit subscribe 461/582: SOSOUSDT
2025/09/19 23:05:23 main.go:121: 2025-09-19T23:05:23+03:00 [INFO] Bybit subscribe 462/582: SPECUSDT
2025/09/19 23:05:23 main.go:121: 2025-09-19T23:05:23+03:00 [INFO] Bybit subscribe 463/582: SPELLUSDT
2025/09/19 23:05:23 main.go:121: 2025-09-19T23:05:23+03:00 [INFO] Bybit subscribe 464/582: SPKUSDT
2025/09/19 23:05:23 main.go:121: 2025-09-19T23:05:23+03:00 [INFO] Bybit subscribe 465/582: SPXUSDT
2025/09/19 23:05:23 main.go:121: 2025-09-19T23:05:23+03:00 [INFO] Bybit subscribe 466/582: SPYXUSDT
2025/09/19 23:05:23 main.go:121: 2025-09-19T23:05:23+03:00 [INFO] Bybit subscribe 467/582: SQDUSDT
2025/09/19 23:05:23 main.go:121: 2025-09-19T23:05:23+03:00 [INFO] Bybit subscribe 468/582: SSVUSDT
2025/09/19 23:05:23 main.go:121: 2025-09-19T23:05:23+03:00 [INFO] Bybit subscribe 469/582: STGUSDT
2025/09/19 23:05:23 main.go:121: 2025-09-19T23:05:23+03:00 [INFO] Bybit subscribe 470/582: STOUSDT
2025/09/19 23:05:23 main.go:121: 2025-09-19T23:05:23+03:00 [INFO] Bybit subscribe 471/582: STORJUSDT
2025/09/19 23:05:23 main.go:121: 2025-09-19T23:05:23+03:00 [INFO] Bybit subscribe 472/582: STRKUSDT
2025/09/19 23:05:23 main.go:121: 2025-09-19T23:05:23+03:00 [INFO] Bybit subscribe 473/582: SUIUSDT
2025/09/19 23:05:23 main.go:121: 2025-09-19T23:05:23+03:00 [INFO] Bybit subscribe 474/582: SUNUSDT
2025/09/19 23:05:23 main.go:121: 2025-09-19T23:05:23+03:00 [INFO] Bybit subscribe 475/582: SUNDOGUSDT
2025/09/19 23:05:23 main.go:121: 2025-09-19T23:05:23+03:00 [INFO] Bybit subscribe 476/582: SUPERUSDT
2025/09/19 23:05:23 main.go:121: 2025-09-19T23:05:23+03:00 [INFO] Bybit subscribe 477/582: SUPRAUSDT
2025/09/19 23:05:23 main.go:121: 2025-09-19T23:05:23+03:00 [INFO] Bybit subscribe 478/582: SUSHIUSDT
2025/09/19 23:05:23 main.go:121: 2025-09-19T23:05:23+03:00 [INFO] Bybit subscribe 479/582: SWARMSUSDT
2025/09/19 23:05:23 main.go:171: 2025-09-19T23:05:23+03:00 [INFO] Gate subscribed 200 symbols, pausing 150ms
2025/09/19 23:05:23 main.go:121: 2025-09-19T23:05:23+03:00 [INFO] Bybit subscribe 480/582: SWEATUSDT
2025/09/19 23:05:23 main.go:121: 2025-09-19T23:05:23+03:00 [INFO] Bybit subscribe 481/582: SWELLUSDT
2025/09/19 23:05:23 main.go:121: 2025-09-19T23:05:23+03:00 [INFO] Bybit subscribe 482/582: SXTUSDT
2025/09/19 23:05:23 main.go:121: 2025-09-19T23:05:23+03:00 [INFO] Bybit subscribe 483/582: SYNUSDT
2025/09/19 23:05:23 main.go:121: 2025-09-19T23:05:23+03:00 [INFO] Bybit subscribe 484/582: SYRUPUSDT
2025/09/19 23:05:23 main.go:121: 2025-09-19T23:05:23+03:00 [INFO] Bybit subscribe 485/582: SYSUSDT
2025/09/19 23:05:23 main.go:121: 2025-09-19T23:05:23+03:00 [INFO] Bybit subscribe 486/582: TAUSDT
2025/09/19 23:05:23 main.go:121: 2025-09-19T23:05:23+03:00 [INFO] Bybit subscribe 487/582: TACUSDT
2025/09/19 23:05:23 main.go:121: 2025-09-19T23:05:23+03:00 [INFO] Bybit subscribe 488/582: TAGUSDT
2025/09/19 23:05:23 main.go:121: 2025-09-19T23:05:23+03:00 [INFO] Bybit subscribe 489/582: TAIUSDT
2025/09/19 23:05:23 main.go:121: 2025-09-19T23:05:23+03:00 [INFO] Bybit subscribe 490/582: TAIKOUSDT
2025/09/19 23:05:23 main.go:121: 2025-09-19T23:05:23+03:00 [INFO] Bybit subscribe 491/582: TAKEUSDT
2025/09/19 23:05:23 main.go:121: 2025-09-19T23:05:23+03:00 [INFO] Bybit subscribe 492/582: TANSSIUSDT
2025/09/19 23:05:23 main.go:121: 2025-09-19T23:05:23+03:00 [INFO] Bybit subscribe 493/582: TAOUSDT
2025/09/19 23:05:23 main.go:121: 2025-09-19T23:05:23+03:00 [INFO] Bybit subscribe 494/582: TCOMUSDT
2025/09/19 23:05:23 main.go:121: 2025-09-19T23:05:23+03:00 [INFO] Bybit subscribe 495/582: THEUSDT
2025/09/19 23:05:23 main.go:121: 2025-09-19T23:05:23+03:00 [INFO] Bybit subscribe 496/582: THENAUSDT
2025/09/19 23:05:23 main.go:121: 2025-09-19T23:05:23+03:00 [INFO] Bybit subscribe 497/582: THETAUSDT
2025/09/19 23:05:23 main.go:121: 2025-09-19T23:05:23+03:00 [INFO] Bybit subscribe 498/582: TIAUSDT
2025/09/19 23:05:23 main.go:121: 2025-09-19T23:05:23+03:00 [INFO] Bybit subscribe 499/582: TKOUSDT
2025/09/19 23:05:23 main.go:121: 2025-09-19T23:05:23+03:00 [INFO] Bybit subscribe 500/582: TNSRUSDT
2025/09/19 23:05:23 main.go:129: 2025-09-19T23:05:23+03:00 [INFO] Bybit subscribed 500 symbols, pausing 150ms
2025/09/19 23:05:23 main.go:121: 2025-09-19T23:05:23+03:00 [INFO] Bybit subscribe 501/582: TOKENUSDT
2025/09/19 23:05:23 main.go:121: 2025-09-19T23:05:23+03:00 [INFO] Bybit subscribe 502/582: TONUSDT
2025/09/19 23:05:23 main.go:121: 2025-09-19T23:05:23+03:00 [INFO] Bybit subscribe 503/582: TONCOINUSDT
2025/09/19 23:05:23 main.go:121: 2025-09-19T23:05:23+03:00 [INFO] Bybit subscribe 504/582: TOSHIUSDT
2025/09/19 23:05:23 main.go:121: 2025-09-19T23:05:23+03:00 [INFO] Bybit subscribe 505/582: TOWNSUSDT
2025/09/19 23:05:23 main.go:121: 2025-09-19T23:05:23+03:00 [INFO] Bybit subscribe 506/582: TRUSDT
2025/09/19 23:05:23 main.go:121: 2025-09-19T23:05:23+03:00 [INFO] Bybit subscribe 507/582: TRBUSDT
2025/09/19 23:05:23 main.go:121: 2025-09-19T23:05:23+03:00 [INFO] Bybit subscribe 508/582: TREEUSDT
2025/09/19 23:05:23 main.go:121: 2025-09-19T23:05:23+03:00 [INFO] Bybit subscribe 509/582: TROYUSDT
2025/09/19 23:05:23 main.go:121: 2025-09-19T23:05:23+03:00 [INFO] Bybit subscribe 510/582: TRUUSDT
2025/09/19 23:05:23 main.go:121: 2025-09-19T23:05:23+03:00 [INFO] Bybit subscribe 511/582: TRUMPUSDT
2025/09/19 23:05:23 main.go:121: 2025-09-19T23:05:23+03:00 [INFO] Bybit subscribe 512/582: TRXUSDT
2025/09/19 23:05:23 main.go:121: 2025-09-19T23:05:23+03:00 [INFO] Bybit subscribe 513/582: TSLAUSDT
2025/09/19 23:05:23 main.go:121: 2025-09-19T23:05:23+03:00 [INFO] Bybit subscribe 514/582: TSLAXUSDT
2025/09/19 23:05:23 main.go:121: 2025-09-19T23:05:23+03:00 [INFO] Bybit subscribe 515/582: TSTUSDT
2025/09/19 23:05:23 main.go:121: 2025-09-19T23:05:23+03:00 [INFO] Bybit subscribe 516/582: TURBOUSDT
2025/09/19 23:05:23 main.go:121: 2025-09-19T23:05:23+03:00 [INFO] Bybit subscribe 517/582: TUTUSDT
2025/09/19 23:05:23 main.go:121: 2025-09-19T23:05:23+03:00 [INFO] Bybit subscribe 518/582: TWTUSDT
2025/09/19 23:05:23 main.go:121: 2025-09-19T23:05:23+03:00 [INFO] Bybit subscribe 519/582: UMAUSDT
2025/09/19 23:05:23 main.go:121: 2025-09-19T23:05:23+03:00 [INFO] Bybit subscribe 520/582: UNIUSDT
2025/09/19 23:05:23 main.go:121: 2025-09-19T23:05:23+03:00 [INFO] Bybit subscribe 521/582: USD1USDT
2025/09/19 23:05:23 main.go:121: 2025-09-19T23:05:23+03:00 [INFO] Bybit subscribe 522/582: USDEUSDT
2025/09/19 23:05:23 main.go:121: 2025-09-19T23:05:23+03:00 [INFO] Bybit subscribe 523/582: USELESSUSDT
2025/09/19 23:05:23 main.go:121: 2025-09-19T23:05:23+03:00 [INFO] Bybit subscribe 524/582: USTCUSDT
2025/09/19 23:05:23 main.go:121: 2025-09-19T23:05:23+03:00 [INFO] Bybit subscribe 525/582: USUALUSDT
2025/09/19 23:05:23 main.go:121: 2025-09-19T23:05:23+03:00 [INFO] Bybit subscribe 526/582: VANAUSDT
2025/09/19 23:05:23 main.go:121: 2025-09-19T23:05:23+03:00 [INFO] Bybit subscribe 527/582: VANRYUSDT
2025/09/19 23:05:23 main.go:121: 2025-09-19T23:05:23+03:00 [INFO] Bybit subscribe 528/582: VELOUSDT
2025/09/19 23:05:23 main.go:121: 2025-09-19T23:05:23+03:00 [INFO] Bybit subscribe 529/582: VELODROMEUSDT
2025/09/19 23:05:23 main.go:121: 2025-09-19T23:05:23+03:00 [INFO] Bybit subscribe 530/582: VELVETUSDT
2025/09/19 23:05:23 main.go:121: 2025-09-19T23:05:23+03:00 [INFO] Bybit subscribe 531/582: VETUSDT
2025/09/19 23:05:23 main.go:121: 2025-09-19T23:05:23+03:00 [INFO] Bybit subscribe 532/582: VINEUSDT
2025/09/19 23:05:23 main.go:121: 2025-09-19T23:05:23+03:00 [INFO] Bybit subscribe 533/582: VIRTUSDT
2025/09/19 23:05:23 main.go:121: 2025-09-19T23:05:23+03:00 [INFO] Bybit subscribe 534/582: VIRTUALUSDT
2025/09/19 23:05:23 main.go:121: 2025-09-19T23:05:23+03:00 [INFO] Bybit subscribe 535/582: VOXELUSDT
2025/09/19 23:05:23 main.go:121: 2025-09-19T23:05:23+03:00 [INFO] Bybit subscribe 536/582: VRAUSDT
2025/09/19 23:05:23 main.go:121: 2025-09-19T23:05:23+03:00 [INFO] Bybit subscribe 537/582: VTHOUSDT
2025/09/19 23:05:23 main.go:121: 2025-09-19T23:05:23+03:00 [INFO] Bybit subscribe 538/582: VVVUSDT
2025/09/19 23:05:23 main.go:121: 2025-09-19T23:05:23+03:00 [INFO] Bybit subscribe 539/582: WAIUSDT
2025/09/19 23:05:23 main.go:121: 2025-09-19T23:05:23+03:00 [INFO] Bybit subscribe 540/582: WALUSDT
2025/09/19 23:05:23 main.go:121: 2025-09-19T23:05:23+03:00 [INFO] Bybit subscribe 541/582: WAVESUSDT
2025/09/19 23:05:23 main.go:121: 2025-09-19T23:05:23+03:00 [INFO] Bybit subscribe 542/582: WAXPUSDT
2025/09/19 23:05:23 main.go:121: 2025-09-19T23:05:23+03:00 [INFO] Bybit subscribe 543/582: WCTUSDT
2025/09/19 23:05:23 main.go:121: 2025-09-19T23:05:23+03:00 [INFO] Bybit subscribe 544/582: WENUSDT
2025/09/19 23:05:23 main.go:121: 2025-09-19T23:05:23+03:00 [INFO] Bybit subscribe 545/582: WIFUSDT
2025/09/19 23:05:23 main.go:121: 2025-09-19T23:05:23+03:00 [INFO] Bybit subscribe 546/582: WLDUSDT
2025/09/19 23:05:23 main.go:121: 2025-09-19T23:05:23+03:00 [INFO] Bybit subscribe 547/582: WLFIUSDT
2025/09/19 23:05:23 main.go:121: 2025-09-19T23:05:23+03:00 [INFO] Bybit subscribe 548/582: WOOUSDT
2025/09/19 23:05:23 main.go:121: 2025-09-19T23:05:23+03:00 [INFO] Bybit subscribe 549/582: XAIUSDT
2025/09/19 23:05:23 main.go:121: 2025-09-19T23:05:23+03:00 [INFO] Bybit subscribe 550/582: XAUTUSDT
2025/09/19 23:05:23 main.go:121: 2025-09-19T23:05:23+03:00 [INFO] Bybit subscribe 551/582: XCHUSDT
2025/09/19 23:05:23 main.go:121: 2025-09-19T23:05:23+03:00 [INFO] Bybit subscribe 552/582: XCNUSDT
2025/09/19 23:05:23 main.go:121: 2025-09-19T23:05:23+03:00 [INFO] Bybit subscribe 553/582: XCXUSDT
2025/09/19 23:05:24 main.go:121: 2025-09-19T23:05:24+03:00 [INFO] Bybit subscribe 554/582: XDCUSDT
2025/09/19 23:05:24 main.go:121: 2025-09-19T23:05:24+03:00 [INFO] Bybit subscribe 555/582: XECUSDT
2025/09/19 23:05:24 main.go:121: 2025-09-19T23:05:24+03:00 [INFO] Bybit subscribe 556/582: XIONUSDT
2025/09/19 23:05:24 main.go:121: 2025-09-19T23:05:24+03:00 [INFO] Bybit subscribe 557/582: XLMUSDT
2025/09/19 23:05:24 main.go:121: 2025-09-19T23:05:24+03:00 [INFO] Bybit subscribe 558/582: XMRUSDT
2025/09/19 23:05:24 main.go:121: 2025-09-19T23:05:24+03:00 [INFO] Bybit subscribe 559/582: XNOUSDT
2025/09/19 23:05:24 main.go:121: 2025-09-19T23:05:24+03:00 [INFO] Bybit subscribe 560/582: XNYUSDT
2025/09/19 23:05:24 main.go:121: 2025-09-19T23:05:24+03:00 [INFO] Bybit subscribe 561/582: XPLUSDT
2025/09/19 23:05:24 main.go:121: 2025-09-19T23:05:24+03:00 [INFO] Bybit subscribe 562/582: XRPUSDT
2025/09/19 23:05:24 main.go:121: 2025-09-19T23:05:24+03:00 [INFO] Bybit subscribe 563/582: XTERUSDT
2025/09/19 23:05:24 main.go:121: 2025-09-19T23:05:24+03:00 [INFO] Bybit subscribe 564/582: XVSUSDT
2025/09/19 23:05:24 main.go:121: 2025-09-19T23:05:24+03:00 [INFO] Bybit subscribe 565/582: YALAUSDT
2025/09/19 23:05:24 main.go:121: 2025-09-19T23:05:24+03:00 [INFO] Bybit subscribe 566/582: YFIUSDT
2025/09/19 23:05:24 main.go:121: 2025-09-19T23:05:24+03:00 [INFO] Bybit subscribe 567/582: YGGUSDT
2025/09/19 23:05:24 main.go:121: 2025-09-19T23:05:24+03:00 [INFO] Bybit subscribe 568/582: YZYUSDT
2025/09/19 23:05:24 main.go:121: 2025-09-19T23:05:24+03:00 [INFO] Bybit subscribe 569/582: ZBCNUSDT
2025/09/19 23:05:24 main.go:121: 2025-09-19T23:05:24+03:00 [INFO] Bybit subscribe 570/582: ZECUSDT
2025/09/19 23:05:24 main.go:121: 2025-09-19T23:05:24+03:00 [INFO] Bybit subscribe 571/582: ZENUSDT
2025/09/19 23:05:24 main.go:121: 2025-09-19T23:05:24+03:00 [INFO] Bybit subscribe 572/582: ZENTUSDT
2025/09/19 23:05:24 main.go:121: 2025-09-19T23:05:24+03:00 [INFO] Bybit subscribe 573/582: ZEREBROUSDT
2025/09/19 23:05:24 main.go:121: 2025-09-19T23:05:24+03:00 [INFO] Bybit subscribe 574/582: ZETAUSDT
2025/09/19 23:05:24 main.go:121: 2025-09-19T23:05:24+03:00 [INFO] Bybit subscribe 575/582: ZEUSUSDT
2025/09/19 23:05:24 main.go:121: 2025-09-19T23:05:24+03:00 [INFO] Bybit subscribe 576/582: ZKUSDT
2025/09/19 23:05:24 main.go:121: 2025-09-19T23:05:24+03:00 [INFO] Bybit subscribe 577/582: ZKSYNCUSDT
2025/09/19 23:05:24 main.go:121: 2025-09-19T23:05:24+03:00 [INFO] Bybit subscribe 578/582: ZKWASMUSDT
2025/09/19 23:05:24 main.go:121: 2025-09-19T23:05:24+03:00 [INFO] Bybit subscribe 579/582: ZORAUSDT
2025/09/19 23:05:24 main.go:121: 2025-09-19T23:05:24+03:00 [INFO] Bybit subscribe 580/582: ZRCUSDT
2025/09/19 23:05:24 main.go:121: 2025-09-19T23:05:24+03:00 [INFO] Bybit subscribe 581/582: ZROUSDT
2025/09/19 23:05:24 main.go:121: 2025-09-19T23:05:24+03:00 [INFO] Bybit subscribe 582/582: ZRXUSDT
2025/09/19 23:05:24 main.go:267: 2025-09-19T23:05:24+03:00 [INFO] metrics: msgs/s~5, redisOps/s~5, drops/s~0, chanLen=0, perExchange=map[Bybit:23]
2025/09/19 23:05:24 main.go:171: 2025-09-19T23:05:24+03:00 [INFO] Gate subscribed 300 symbols, pausing 150ms
2025/09/19 23:05:25 main.go:171: 2025-09-19T23:05:25+03:00 [INFO] Gate subscribed 400 symbols, pausing 150ms
2025/09/19 23:05:27 main.go:171: 2025-09-19T23:05:27+03:00 [INFO] Gate subscribed 500 symbols, pausing 150ms
2025/09/19 23:05:29 main.go:267: 2025-09-19T23:05:29+03:00 [INFO] metrics: msgs/s~66, redisOps/s~66, drops/s~0, chanLen=0, perExchange=map[Bybit:317 Gate:35]
2025/09/19 23:05:34 main.go:267: 2025-09-19T23:05:34+03:00 [INFO] metrics: msgs/s~101, redisOps/s~101, drops/s~0, chanLen=0, perExchange=map[Bybit:574 Gate:282]
2025/09/19 23:05:39 main.go:267: 2025-09-19T23:05:39+03:00 [INFO] metrics: msgs/s~119, redisOps/s~119, drops/s~0, chanLen=0, perExchange=map[Bybit:976 Gate:476]
2025/09/19 23:05:44 main.go:267: 2025-09-19T23:05:44+03:00 [INFO] metrics: msgs/s~97, redisOps/s~97, drops/s~0, chanLen=0, perExchange=map[Bybit:1270 Gate:666]
2025/09/19 23:05:49 main.go:267: 2025-09-19T23:05:49+03:00 [INFO] metrics: msgs/s~127, redisOps/s~125, drops/s~0, chanLen=0, perExchange=map[Bybit:1667 Gate:905]
2025/09/19 23:05:54 main.go:267: 2025-09-19T23:05:54+03:00 [INFO] metrics: msgs/s~116, redisOps/s~117, drops/s~0, chanLen=0, perExchange=map[Bybit:2058 Gate:1092]
2025/09/19 23:05:59 main.go:267: 2025-09-19T23:05:59+03:00 [INFO] metrics: msgs/s~90, redisOps/s~91, drops/s~0, chanLen=0, perExchange=map[Bybit:2312 Gate:1288]
2025/09/19 23:06:04 main.go:267: 2025-09-19T23:06:04+03:00 [INFO] metrics: msgs/s~102, redisOps/s~102, drops/s~0, chanLen=0, perExchange=map[Bybit:2619 Gate:1492]
2025/09/19 23:06:09 main.go:267: 2025-09-19T23:06:09+03:00 [INFO] metrics: msgs/s~96, redisOps/s~96, drops/s~0, chanLen=0, perExchange=map[Bybit:2952 Gate:1641]
2025/09/19 23:06:14 main.go:267: 2025-09-19T23:06:14+03:00 [INFO] metrics: msgs/s~137, redisOps/s~135, drops/s~0, chanLen=0, perExchange=map[Bybit:3356 Gate:1922]
2025/09/19 23:06:19 main.go:267: 2025-09-19T23:06:19+03:00 [INFO] metrics: msgs/s~119, redisOps/s~122, drops/s~0, chanLen=0, perExchange=map[Bybit:3786 Gate:2089]
