2025/09/30 11:33:26 logger.go:35: 2025-09-30T11:33:26+03:00 [INFO] logger initialized, output=screner.log
2025/09/30 11:33:26 main.go:61: 2025-09-30T11:33:26+03:00 [INFO] starting Screener Core - multi-exchange with shared channel
2025/09/30 11:33:26 client.go:16: 2025-09-30T11:33:26+03:00 [INFO] initializing Redis client: addr=localhost:6379 db=0
2025/09/30 11:33:26 main.go:71: 2025-09-30T11:33:26+03:00 [INFO] Redis client initialized: localhost:6379
2025/09/30 11:33:26 main.go:81: 2025-09-30T11:33:26+03:00 [INFO] Exchanges from config: gate, bybit, bitget, okx
2025/09/30 11:33:26 main.go:102: 2025-09-30T11:33:26+03:00 [INFO] Loaded 151 symbols from ticker_source/geckoterminal_pools.json
2025/09/30 11:33:26 main.go:129: 2025-09-30T11:33:26+03:00 [INFO] Exchange gate prepared 151 symbols (quote=USDT) from ticker_source/geckoterminal_pools.json
2025/09/30 11:33:26 main.go:129: 2025-09-30T11:33:26+03:00 [INFO] Exchange bybit prepared 151 symbols (quote=USDT) from ticker_source/geckoterminal_pools.json
2025/09/30 11:33:26 main.go:129: 2025-09-30T11:33:26+03:00 [INFO] Exchange bitget prepared 151 symbols (quote=USDT) from ticker_source/geckoterminal_pools.json
2025/09/30 11:33:26 main.go:129: 2025-09-30T11:33:26+03:00 [INFO] Exchange okx prepared 151 symbols (quote=USDT) from ticker_source/geckoterminal_pools.json
2025/09/30 11:33:26 main.go:469: 2025-09-30T11:33:26+03:00 [INFO] Screener Core running with exchanges gate:151, bybit:151, bitget:151, okx:151
2025/09/30 11:33:26 bybit.go:30: 2025-09-30T11:33:26+03:00 [INFO] connecting to Bybit WS wss://stream.bybit.com/v5/public/spot
2025/09/30 11:33:26 bitget.go:31: 2025-09-30T11:33:26+03:00 [INFO] connecting to Bitget WS wss://ws.bitget.com/v2/ws/public
2025/09/30 11:33:26 gateio.go:29: 2025-09-30T11:33:26+03:00 [INFO] connecting to Gate WS wss://api.gateio.ws/ws/v4/
2025/09/30 11:33:26 okx.go:29: 2025-09-30T11:33:26+03:00 [INFO] connecting to OKX WS wss://ws.okx.com:8443/ws/v5/public
2025/09/30 11:33:27 bybit.go:36: 2025-09-30T11:33:27+03:00 [INFO] Bybit connected
2025/09/30 11:33:27 main.go:195: 2025-09-30T11:33:27+03:00 [INFO] Bybit subscribe 1/151: 1000000BABYDOGEUSDT
2025/09/30 11:33:27 main.go:195: 2025-09-30T11:33:27+03:00 [INFO] Bybit subscribe 2/151: 1000000MOGUSDT
2025/09/30 11:33:27 main.go:195: 2025-09-30T11:33:27+03:00 [INFO] Bybit subscribe 3/151: 1000000PEIPEIUSDT
2025/09/30 11:33:27 main.go:195: 2025-09-30T11:33:27+03:00 [INFO] Bybit subscribe 4/151: 10000ELONUSDT
2025/09/30 11:33:27 main.go:195: 2025-09-30T11:33:27+03:00 [INFO] Bybit subscribe 5/151: 10000LADYSUSDT
2025/09/30 11:33:27 main.go:195: 2025-09-30T11:33:27+03:00 [INFO] Bybit subscribe 6/151: 1000FLOKIUSDT
2025/09/30 11:33:27 main.go:195: 2025-09-30T11:33:27+03:00 [INFO] Bybit subscribe 7/151: 1000PEPEUSDT
2025/09/30 11:33:27 main.go:195: 2025-09-30T11:33:27+03:00 [INFO] Bybit subscribe 8/151: 1INCHUSDT
2025/09/30 11:33:27 main.go:195: 2025-09-30T11:33:27+03:00 [INFO] Bybit subscribe 9/151: AAVEUSDT
2025/09/30 11:33:27 main.go:195: 2025-09-30T11:33:27+03:00 [INFO] Bybit subscribe 10/151: ACHUSDT
2025/09/30 11:33:27 main.go:195: 2025-09-30T11:33:27+03:00 [INFO] Bybit subscribe 11/151: ACXUSDT
2025/09/30 11:33:27 main.go:195: 2025-09-30T11:33:27+03:00 [INFO] Bybit subscribe 12/151: AEVOUSDT
2025/09/30 11:33:27 main.go:195: 2025-09-30T11:33:27+03:00 [INFO] Bybit subscribe 13/151: AIOZUSDT
2025/09/30 11:33:27 main.go:195: 2025-09-30T11:33:27+03:00 [INFO] Bybit subscribe 14/151: AIXBTUSDT
2025/09/30 11:33:27 main.go:195: 2025-09-30T11:33:27+03:00 [INFO] Bybit subscribe 15/151: ANIMEUSDT
2025/09/30 11:33:27 main.go:195: 2025-09-30T11:33:27+03:00 [INFO] Bybit subscribe 16/151: API3USDT
2025/09/30 11:33:27 main.go:195: 2025-09-30T11:33:27+03:00 [INFO] Bybit subscribe 17/151: ARBUSDT
2025/09/30 11:33:27 main.go:195: 2025-09-30T11:33:27+03:00 [INFO] Bybit subscribe 18/151: ATHUSDT
2025/09/30 11:33:27 main.go:195: 2025-09-30T11:33:27+03:00 [INFO] Bybit subscribe 19/151: AUDIOUSDT
2025/09/30 11:33:27 main.go:195: 2025-09-30T11:33:27+03:00 [INFO] Bybit subscribe 20/151: AVAUSDT
2025/09/30 11:33:27 main.go:195: 2025-09-30T11:33:27+03:00 [INFO] Bybit subscribe 21/151: AVAILUSDT
2025/09/30 11:33:27 main.go:195: 2025-09-30T11:33:27+03:00 [INFO] Bybit subscribe 22/151: AVNTUSDT
2025/09/30 11:33:27 main.go:195: 2025-09-30T11:33:27+03:00 [INFO] Bybit subscribe 23/151: AXLUSDT
2025/09/30 11:33:27 main.go:195: 2025-09-30T11:33:27+03:00 [INFO] Bybit subscribe 24/151: BADGERUSDT
2025/09/30 11:33:27 main.go:195: 2025-09-30T11:33:27+03:00 [INFO] Bybit subscribe 25/151: BANANAUSDT
2025/09/30 11:33:27 main.go:195: 2025-09-30T11:33:27+03:00 [INFO] Bybit subscribe 26/151: BATUSDT
2025/09/30 11:33:27 main.go:195: 2025-09-30T11:33:27+03:00 [INFO] Bybit subscribe 27/151: BEAMUSDT
2025/09/30 11:33:27 main.go:195: 2025-09-30T11:33:27+03:00 [INFO] Bybit subscribe 28/151: BICOUSDT
2025/09/30 11:33:27 okx.go:35: 2025-09-30T11:33:27+03:00 [INFO] OKX connected
2025/09/30 11:33:27 main.go:353: 2025-09-30T11:33:27+03:00 [INFO] OKX subscribed 100 symbols (batch), pausing 150ms
2025/09/30 11:33:27 main.go:195: 2025-09-30T11:33:27+03:00 [INFO] Bybit subscribe 29/151: BIOUSDT
2025/09/30 11:33:27 main.go:195: 2025-09-30T11:33:27+03:00 [INFO] Bybit subscribe 30/151: BRETTUSDT
2025/09/30 11:33:27 main.go:195: 2025-09-30T11:33:27+03:00 [INFO] Bybit subscribe 31/151: CGPTUSDT
2025/09/30 11:33:27 main.go:195: 2025-09-30T11:33:27+03:00 [INFO] Bybit subscribe 32/151: COMPUSDT
2025/09/30 11:33:27 main.go:195: 2025-09-30T11:33:27+03:00 [INFO] Bybit subscribe 33/151: COTIUSDT
2025/09/30 11:33:27 main.go:195: 2025-09-30T11:33:27+03:00 [INFO] Bybit subscribe 34/151: COWUSDT
2025/09/30 11:33:27 main.go:195: 2025-09-30T11:33:27+03:00 [INFO] Bybit subscribe 35/151: CPOOLUSDT
2025/09/30 11:33:27 main.go:195: 2025-09-30T11:33:27+03:00 [INFO] Bybit subscribe 36/151: CROUSDT
2025/09/30 11:33:27 main.go:195: 2025-09-30T11:33:27+03:00 [INFO] Bybit subscribe 37/151: CRVUSDT
2025/09/30 11:33:27 bitget.go:37: 2025-09-30T11:33:27+03:00 [INFO] Bitget connected
2025/09/30 11:33:27 main.go:277: 2025-09-30T11:33:27+03:00 [INFO] Bitget using symbols list: 151
2025/09/30 11:33:27 main.go:296: 2025-09-30T11:33:27+03:00 [INFO] Bitget subscribed 30 symbols (batch), pausing 700ms
2025/09/30 11:33:27 main.go:195: 2025-09-30T11:33:27+03:00 [INFO] Bybit subscribe 38/151: CVXUSDT
2025/09/30 11:33:27 main.go:195: 2025-09-30T11:33:27+03:00 [INFO] Bybit subscribe 39/151: DOLOUSDT
2025/09/30 11:33:27 main.go:195: 2025-09-30T11:33:27+03:00 [INFO] Bybit subscribe 40/151: DOTUSDT
2025/09/30 11:33:27 main.go:195: 2025-09-30T11:33:27+03:00 [INFO] Bybit subscribe 41/151: EIGENUSDT
2025/09/30 11:33:27 main.go:195: 2025-09-30T11:33:27+03:00 [INFO] Bybit subscribe 42/151: ELXUSDT
2025/09/30 11:33:27 main.go:195: 2025-09-30T11:33:27+03:00 [INFO] Bybit subscribe 43/151: ENAUSDT
2025/09/30 11:33:27 main.go:195: 2025-09-30T11:33:27+03:00 [INFO] Bybit subscribe 44/151: ENSUSDT
2025/09/30 11:33:27 main.go:195: 2025-09-30T11:33:27+03:00 [INFO] Bybit subscribe 45/151: EPICUSDT
2025/09/30 11:33:27 main.go:195: 2025-09-30T11:33:27+03:00 [INFO] Bybit subscribe 46/151: ERAUSDT
2025/09/30 11:33:27 main.go:195: 2025-09-30T11:33:27+03:00 [INFO] Bybit subscribe 47/151: ESUSDT
2025/09/30 11:33:27 main.go:195: 2025-09-30T11:33:27+03:00 [INFO] Bybit subscribe 48/151: ETHFIUSDT
2025/09/30 11:33:27 main.go:195: 2025-09-30T11:33:27+03:00 [INFO] Bybit subscribe 49/151: FORTHUSDT
2025/09/30 11:33:27 main.go:195: 2025-09-30T11:33:27+03:00 [INFO] Bybit subscribe 50/151: GUSDT
2025/09/30 11:33:27 main.go:195: 2025-09-30T11:33:27+03:00 [INFO] Bybit subscribe 51/151: GALAUSDT
2025/09/30 11:33:27 main.go:195: 2025-09-30T11:33:27+03:00 [INFO] Bybit subscribe 52/151: GLMUSDT
2025/09/30 11:33:27 main.go:195: 2025-09-30T11:33:27+03:00 [INFO] Bybit subscribe 53/151: GNOUSDT
2025/09/30 11:33:27 main.go:195: 2025-09-30T11:33:27+03:00 [INFO] Bybit subscribe 54/151: GRTUSDT
2025/09/30 11:33:27 main.go:353: 2025-09-30T11:33:27+03:00 [INFO] OKX subscribed 151 symbols (batch), pausing 150ms
2025/09/30 11:33:27 main.go:195: 2025-09-30T11:33:27+03:00 [INFO] Bybit subscribe 55/151: GTCUSDT
2025/09/30 11:33:27 main.go:195: 2025-09-30T11:33:27+03:00 [INFO] Bybit subscribe 56/151: HIFIUSDT
2025/09/30 11:33:27 main.go:195: 2025-09-30T11:33:27+03:00 [INFO] Bybit subscribe 57/151: HPOS10IUSDT
2025/09/30 11:33:27 main.go:195: 2025-09-30T11:33:27+03:00 [INFO] Bybit subscribe 58/151: ICNTUSDT
2025/09/30 11:33:27 main.go:195: 2025-09-30T11:33:27+03:00 [INFO] Bybit subscribe 59/151: ICPUSDT
2025/09/30 11:33:27 main.go:195: 2025-09-30T11:33:27+03:00 [INFO] Bybit subscribe 60/151: IDUSDT
2025/09/30 11:33:27 main.go:195: 2025-09-30T11:33:27+03:00 [INFO] Bybit subscribe 61/151: IMXUSDT
2025/09/30 11:33:27 main.go:195: 2025-09-30T11:33:27+03:00 [INFO] Bybit subscribe 62/151: INJUSDT
2025/09/30 11:33:27 main.go:195: 2025-09-30T11:33:27+03:00 [INFO] Bybit subscribe 63/151: IOTXUSDT
2025/09/30 11:33:27 main.go:195: 2025-09-30T11:33:27+03:00 [INFO] Bybit subscribe 64/151: JASMYUSDT
2025/09/30 11:33:27 main.go:195: 2025-09-30T11:33:27+03:00 [INFO] Bybit subscribe 65/151: LAUSDT
2025/09/30 11:33:27 main.go:195: 2025-09-30T11:33:27+03:00 [INFO] Bybit subscribe 66/151: LDOUSDT
2025/09/30 11:33:27 main.go:195: 2025-09-30T11:33:27+03:00 [INFO] Bybit subscribe 67/151: LINEAUSDT
2025/09/30 11:33:27 main.go:195: 2025-09-30T11:33:27+03:00 [INFO] Bybit subscribe 68/151: LINKUSDT
2025/09/30 11:33:27 main.go:195: 2025-09-30T11:33:27+03:00 [INFO] Bybit subscribe 69/151: LQTYUSDT
2025/09/30 11:33:27 main.go:195: 2025-09-30T11:33:27+03:00 [INFO] Bybit subscribe 70/151: LSKUSDT
2025/09/30 11:33:27 main.go:195: 2025-09-30T11:33:27+03:00 [INFO] Bybit subscribe 71/151: MANAUSDT
2025/09/30 11:33:27 main.go:195: 2025-09-30T11:33:27+03:00 [INFO] Bybit subscribe 72/151: MASKUSDT
2025/09/30 11:33:27 main.go:195: 2025-09-30T11:33:27+03:00 [INFO] Bybit subscribe 73/151: METISUSDT
2025/09/30 11:33:27 main.go:195: 2025-09-30T11:33:27+03:00 [INFO] Bybit subscribe 74/151: MLNUSDT
2025/09/30 11:33:27 main.go:195: 2025-09-30T11:33:27+03:00 [INFO] Bybit subscribe 75/151: MNTUSDT
2025/09/30 11:33:27 main.go:195: 2025-09-30T11:33:27+03:00 [INFO] Bybit subscribe 76/151: MOCAUSDT
2025/09/30 11:33:27 main.go:195: 2025-09-30T11:33:27+03:00 [INFO] Bybit subscribe 77/151: MORPHOUSDT
2025/09/30 11:33:27 main.go:195: 2025-09-30T11:33:27+03:00 [INFO] Bybit subscribe 78/151: MVLUSDT
2025/09/30 11:33:27 main.go:195: 2025-09-30T11:33:27+03:00 [INFO] Bybit subscribe 79/151: NEARUSDT
2025/09/30 11:33:27 main.go:195: 2025-09-30T11:33:27+03:00 [INFO] Bybit subscribe 80/151: NEWTUSDT
2025/09/30 11:33:27 main.go:195: 2025-09-30T11:33:27+03:00 [INFO] Bybit subscribe 81/151: NMRUSDT
2025/09/30 11:33:27 okx.go:101: 2025-09-30T11:33:27+03:00 [ERROR] OKX error event code=60018 msg=Wrong URL or channel:tickers,instId:1000000BABYDOGE-USDT doesn't exist. Please use the correct URL, channel and parameters referring to API document.
2025/09/30 11:33:27 okx.go:101: 2025-09-30T11:33:27+03:00 [ERROR] OKX error event code=60018 msg=Wrong URL or channel:tickers,instId:1000000MOG-USDT doesn't exist. Please use the correct URL, channel and parameters referring to API document.
2025/09/30 11:33:27 okx.go:101: 2025-09-30T11:33:27+03:00 [ERROR] OKX error event code=60018 msg=Wrong URL or channel:tickers,instId:1000000PEIPEI-USDT doesn't exist. Please use the correct URL, channel and parameters referring to API document.
2025/09/30 11:33:27 okx.go:101: 2025-09-30T11:33:27+03:00 [ERROR] OKX error event code=60018 msg=Wrong URL or channel:tickers,instId:10000ELON-USDT doesn't exist. Please use the correct URL, channel and parameters referring to API document.
2025/09/30 11:33:27 okx.go:101: 2025-09-30T11:33:27+03:00 [ERROR] OKX error event code=60018 msg=Wrong URL or channel:tickers,instId:10000LADYS-USDT doesn't exist. Please use the correct URL, channel and parameters referring to API document.
2025/09/30 11:33:27 okx.go:101: 2025-09-30T11:33:27+03:00 [ERROR] OKX error event code=60018 msg=Wrong URL or channel:tickers,instId:1000FLOKI-USDT doesn't exist. Please use the correct URL, channel and parameters referring to API document.
2025/09/30 11:33:27 okx.go:101: 2025-09-30T11:33:27+03:00 [ERROR] OKX error event code=60018 msg=Wrong URL or channel:tickers,instId:1000PEPE-USDT doesn't exist. Please use the correct URL, channel and parameters referring to API document.
2025/09/30 11:33:27 okx.go:101: 2025-09-30T11:33:27+03:00 [ERROR] OKX error event code=60018 msg=Wrong URL or channel:tickers,instId:ACX-USDT doesn't exist. Please use the correct URL, channel and parameters referring to API document.
2025/09/30 11:33:27 okx.go:101: 2025-09-30T11:33:27+03:00 [ERROR] OKX error event code=60018 msg=Wrong URL or channel:tickers,instId:AIOZ-USDT doesn't exist. Please use the correct URL, channel and parameters referring to API document.
2025/09/30 11:33:27 okx.go:101: 2025-09-30T11:33:27+03:00 [ERROR] OKX error event code=60018 msg=Wrong URL or channel:tickers,instId:AUDIO-USDT doesn't exist. Please use the correct URL, channel and parameters referring to API document.
2025/09/30 11:33:27 okx.go:101: 2025-09-30T11:33:27+03:00 [ERROR] OKX error event code=60018 msg=Wrong URL or channel:tickers,instId:AVA-USDT doesn't exist. Please use the correct URL, channel and parameters referring to API document.
2025/09/30 11:33:27 okx.go:101: 2025-09-30T11:33:27+03:00 [ERROR] OKX error event code=60018 msg=Wrong URL or channel:tickers,instId:AVAIL-USDT doesn't exist. Please use the correct URL, channel and parameters referring to API document.
2025/09/30 11:33:27 okx.go:101: 2025-09-30T11:33:27+03:00 [ERROR] OKX error event code=60018 msg=Wrong URL or channel:tickers,instId:AVNT-USDT doesn't exist. Please use the correct URL, channel and parameters referring to API document.
2025/09/30 11:33:27 okx.go:101: 2025-09-30T11:33:27+03:00 [ERROR] OKX error event code=60018 msg=Wrong URL or channel:tickers,instId:AXL-USDT doesn't exist. Please use the correct URL, channel and parameters referring to API document.
2025/09/30 11:33:27 main.go:195: 2025-09-30T11:33:27+03:00 [INFO] Bybit subscribe 82/151: OBOLUSDT
2025/09/30 11:33:27 main.go:195: 2025-09-30T11:33:27+03:00 [INFO] Bybit subscribe 83/151: OGNUSDT
2025/09/30 11:33:27 main.go:195: 2025-09-30T11:33:27+03:00 [INFO] Bybit subscribe 84/151: OKBUSDT
2025/09/30 11:33:27 main.go:195: 2025-09-30T11:33:27+03:00 [INFO] Bybit subscribe 85/151: OMUSDT
2025/09/30 11:33:27 main.go:195: 2025-09-30T11:33:27+03:00 [INFO] Bybit subscribe 86/151: ONDOUSDT
2025/09/30 11:33:27 main.go:195: 2025-09-30T11:33:27+03:00 [INFO] Bybit subscribe 87/151: ORBSUSDT
2025/09/30 11:33:27 main.go:195: 2025-09-30T11:33:27+03:00 [INFO] Bybit subscribe 88/151: PAXGUSDT
2025/09/30 11:33:27 main.go:195: 2025-09-30T11:33:27+03:00 [INFO] Bybit subscribe 89/151: PENDLEUSDT
2025/09/30 11:33:27 okx.go:101: 2025-09-30T11:33:27+03:00 [ERROR] OKX error event code=60018 msg=Wrong URL or channel:tickers,instId:BEAM-USDT doesn't exist. Please use the correct URL, channel and parameters referring to API document.
2025/09/30 11:33:27 okx.go:101: 2025-09-30T11:33:27+03:00 [ERROR] OKX error event code=60018 msg=Wrong URL or channel:tickers,instId:BRETT-USDT doesn't exist. Please use the correct URL, channel and parameters referring to API document.
2025/09/30 11:33:27 okx.go:101: 2025-09-30T11:33:27+03:00 [ERROR] OKX error event code=60018 msg=Wrong URL or channel:tickers,instId:CGPT-USDT doesn't exist. Please use the correct URL, channel and parameters referring to API document.
2025/09/30 11:33:27 okx.go:101: 2025-09-30T11:33:27+03:00 [ERROR] OKX error event code=60018 msg=Wrong URL or channel:tickers,instId:COTI-USDT doesn't exist. Please use the correct URL, channel and parameters referring to API document.
2025/09/30 11:33:27 okx.go:101: 2025-09-30T11:33:27+03:00 [ERROR] OKX error event code=60018 msg=Wrong URL or channel:tickers,instId:COW-USDT doesn't exist. Please use the correct URL, channel and parameters referring to API document.
2025/09/30 11:33:27 okx.go:101: 2025-09-30T11:33:27+03:00 [ERROR] OKX error event code=60018 msg=Wrong URL or channel:tickers,instId:CPOOL-USDT doesn't exist. Please use the correct URL, channel and parameters referring to API document.
2025/09/30 11:33:27 okx.go:101: 2025-09-30T11:33:27+03:00 [ERROR] OKX error event code=60018 msg=Wrong URL or channel:tickers,instId:DOLO-USDT doesn't exist. Please use the correct URL, channel and parameters referring to API document.
2025/09/30 11:33:27 okx.go:101: 2025-09-30T11:33:27+03:00 [ERROR] OKX error event code=60018 msg=Wrong URL or channel:tickers,instId:ELX-USDT doesn't exist. Please use the correct URL, channel and parameters referring to API document.
2025/09/30 11:33:27 okx.go:101: 2025-09-30T11:33:27+03:00 [ERROR] OKX error event code=60018 msg=Wrong URL or channel:tickers,instId:EPIC-USDT doesn't exist. Please use the correct URL, channel and parameters referring to API document.
2025/09/30 11:33:27 okx.go:101: 2025-09-30T11:33:27+03:00 [ERROR] OKX error event code=60018 msg=Wrong URL or channel:tickers,instId:ERA-USDT doesn't exist. Please use the correct URL, channel and parameters referring to API document.
2025/09/30 11:33:27 okx.go:101: 2025-09-30T11:33:27+03:00 [ERROR] OKX error event code=60018 msg=Wrong URL or channel:tickers,instId:ES-USDT doesn't exist. Please use the correct URL, channel and parameters referring to API document.
2025/09/30 11:33:27 okx.go:101: 2025-09-30T11:33:27+03:00 [ERROR] OKX error event code=60018 msg=Wrong URL or channel:tickers,instId:FORTH-USDT doesn't exist. Please use the correct URL, channel and parameters referring to API document.
2025/09/30 11:33:27 okx.go:101: 2025-09-30T11:33:27+03:00 [ERROR] OKX error event code=60018 msg=Wrong URL or channel:tickers,instId:GNO-USDT doesn't exist. Please use the correct URL, channel and parameters referring to API document.
2025/09/30 11:33:27 okx.go:101: 2025-09-30T11:33:27+03:00 [ERROR] OKX error event code=60018 msg=Wrong URL or channel:tickers,instId:GTC-USDT doesn't exist. Please use the correct URL, channel and parameters referring to API document.
2025/09/30 11:33:27 okx.go:101: 2025-09-30T11:33:27+03:00 [ERROR] OKX error event code=60018 msg=Wrong URL or channel:tickers,instId:HIFI-USDT doesn't exist. Please use the correct URL, channel and parameters referring to API document.
2025/09/30 11:33:27 okx.go:101: 2025-09-30T11:33:27+03:00 [ERROR] OKX error event code=60018 msg=Wrong URL or channel:tickers,instId:HPOS10I-USDT doesn't exist. Please use the correct URL, channel and parameters referring to API document.
2025/09/30 11:33:27 okx.go:101: 2025-09-30T11:33:27+03:00 [ERROR] OKX error event code=60018 msg=Wrong URL or channel:tickers,instId:ICNT-USDT doesn't exist. Please use the correct URL, channel and parameters referring to API document.
2025/09/30 11:33:27 okx.go:101: 2025-09-30T11:33:27+03:00 [ERROR] OKX error event code=60018 msg=Wrong URL or channel:tickers,instId:IOTX-USDT doesn't exist. Please use the correct URL, channel and parameters referring to API document.
2025/09/30 11:33:27 okx.go:101: 2025-09-30T11:33:27+03:00 [ERROR] OKX error event code=60018 msg=Wrong URL or channel:tickers,instId:JASMY-USDT doesn't exist. Please use the correct URL, channel and parameters referring to API document.
2025/09/30 11:33:27 okx.go:101: 2025-09-30T11:33:27+03:00 [ERROR] OKX error event code=60018 msg=Wrong URL or channel:tickers,instId:LA-USDT doesn't exist. Please use the correct URL, channel and parameters referring to API document.
2025/09/30 11:33:27 okx.go:101: 2025-09-30T11:33:27+03:00 [ERROR] OKX error event code=60018 msg=Wrong URL or channel:tickers,instId:MNT-USDT doesn't exist. Please use the correct URL, channel and parameters referring to API document.
2025/09/30 11:33:27 okx.go:101: 2025-09-30T11:33:27+03:00 [ERROR] OKX error event code=60018 msg=Wrong URL or channel:tickers,instId:MOCA-USDT doesn't exist. Please use the correct URL, channel and parameters referring to API document.
2025/09/30 11:33:27 okx.go:101: 2025-09-30T11:33:27+03:00 [ERROR] OKX error event code=60018 msg=Wrong URL or channel:tickers,instId:MVL-USDT doesn't exist. Please use the correct URL, channel and parameters referring to API document.
2025/09/30 11:33:27 okx.go:101: 2025-09-30T11:33:27+03:00 [ERROR] OKX error event code=60018 msg=Wrong URL or channel:tickers,instId:NEWT-USDT doesn't exist. Please use the correct URL, channel and parameters referring to API document.
2025/09/30 11:33:27 okx.go:101: 2025-09-30T11:33:27+03:00 [ERROR] OKX error event code=60018 msg=Wrong URL or channel:tickers,instId:OBOL-USDT doesn't exist. Please use the correct URL, channel and parameters referring to API document.
2025/09/30 11:33:27 okx.go:101: 2025-09-30T11:33:27+03:00 [ERROR] OKX error event code=60018 msg=Wrong URL or channel:tickers,instId:OGN-USDT doesn't exist. Please use the correct URL, channel and parameters referring to API document.
2025/09/30 11:33:27 okx.go:101: 2025-09-30T11:33:27+03:00 [ERROR] OKX error event code=60018 msg=Wrong URL or channel:tickers,instId:PAXG-USDT doesn't exist. Please use the correct URL, channel and parameters referring to API document.
2025/09/30 11:33:27 okx.go:101: 2025-09-30T11:33:27+03:00 [ERROR] OKX error event code=60018 msg=Wrong URL or channel:tickers,instId:PLUME-USDT doesn't exist. Please use the correct URL, channel and parameters referring to API document.
2025/09/30 11:33:27 okx.go:101: 2025-09-30T11:33:27+03:00 [ERROR] OKX error event code=60018 msg=Wrong URL or channel:tickers,instId:POWR-USDT doesn't exist. Please use the correct URL, channel and parameters referring to API document.
2025/09/30 11:33:27 okx.go:101: 2025-09-30T11:33:27+03:00 [ERROR] OKX error event code=60018 msg=Wrong URL or channel:tickers,instId:PRIME-USDT doesn't exist. Please use the correct URL, channel and parameters referring to API document.
2025/09/30 11:33:27 main.go:195: 2025-09-30T11:33:27+03:00 [INFO] Bybit subscribe 90/151: PEOPLEUSDT
2025/09/30 11:33:27 main.go:195: 2025-09-30T11:33:27+03:00 [INFO] Bybit subscribe 91/151: PERPUSDT
2025/09/30 11:33:27 okx.go:101: 2025-09-30T11:33:27+03:00 [ERROR] OKX error event code=60018 msg=Wrong URL or channel:tickers,instId:PUFFER-USDT doesn't exist. Please use the correct URL, channel and parameters referring to API document.
2025/09/30 11:33:27 okx.go:101: 2025-09-30T11:33:27+03:00 [ERROR] OKX error event code=60018 msg=Wrong URL or channel:tickers,instId:QNT-USDT doesn't exist. Please use the correct URL, channel and parameters referring to API document.
2025/09/30 11:33:27 okx.go:101: 2025-09-30T11:33:27+03:00 [ERROR] OKX error event code=60018 msg=Wrong URL or channel:tickers,instId:RAD-USDT doesn't exist. Please use the correct URL, channel and parameters referring to API document.
2025/09/30 11:33:27 okx.go:101: 2025-09-30T11:33:27+03:00 [ERROR] OKX error event code=60018 msg=Wrong URL or channel:tickers,instId:RARE-USDT doesn't exist. Please use the correct URL, channel and parameters referring to API document.
2025/09/30 11:33:27 main.go:195: 2025-09-30T11:33:27+03:00 [INFO] Bybit subscribe 92/151: PHAUSDT
2025/09/30 11:33:27 main.go:195: 2025-09-30T11:33:27+03:00 [INFO] Bybit subscribe 93/151: PLUMEUSDT
2025/09/30 11:33:27 main.go:195: 2025-09-30T11:33:27+03:00 [INFO] Bybit subscribe 94/151: POWRUSDT
2025/09/30 11:33:27 main.go:195: 2025-09-30T11:33:27+03:00 [INFO] Bybit subscribe 95/151: PRIMEUSDT
2025/09/30 11:33:27 main.go:195: 2025-09-30T11:33:27+03:00 [INFO] Bybit subscribe 96/151: PROMPTUSDT
2025/09/30 11:33:27 main.go:195: 2025-09-30T11:33:27+03:00 [INFO] Bybit subscribe 97/151: PUFFERUSDT
2025/09/30 11:33:27 gateio.go:35: 2025-09-30T11:33:27+03:00 [INFO] Gate connected
2025/09/30 11:33:27 main.go:195: 2025-09-30T11:33:27+03:00 [INFO] Bybit subscribe 98/151: QNTUSDT
2025/09/30 11:33:28 main.go:195: 2025-09-30T11:33:28+03:00 [INFO] Bybit subscribe 99/151: RADUSDT
2025/09/30 11:33:28 main.go:195: 2025-09-30T11:33:28+03:00 [INFO] Bybit subscribe 100/151: RAREUSDT
2025/09/30 11:33:28 main.go:203: 2025-09-30T11:33:28+03:00 [INFO] Bybit subscribed 100 symbols, pausing 150ms
2025/09/30 11:33:28 main.go:195: 2025-09-30T11:33:28+03:00 [INFO] Bybit subscribe 101/151: REDUSDT
2025/09/30 11:33:28 main.go:195: 2025-09-30T11:33:28+03:00 [INFO] Bybit subscribe 102/151: RENDERUSDT
2025/09/30 11:33:28 main.go:195: 2025-09-30T11:33:28+03:00 [INFO] Bybit subscribe 103/151: REQUSDT
2025/09/30 11:33:28 main.go:195: 2025-09-30T11:33:28+03:00 [INFO] Bybit subscribe 104/151: RESOLVUSDT
2025/09/30 11:33:28 main.go:195: 2025-09-30T11:33:28+03:00 [INFO] Bybit subscribe 105/151: REZUSDT
2025/09/30 11:33:28 main.go:195: 2025-09-30T11:33:28+03:00 [INFO] Bybit subscribe 106/151: RLCUSDT
2025/09/30 11:33:28 main.go:195: 2025-09-30T11:33:28+03:00 [INFO] Bybit subscribe 107/151: RPLUSDT
2025/09/30 11:33:28 main.go:195: 2025-09-30T11:33:28+03:00 [INFO] Bybit subscribe 108/151: RSRUSDT
2025/09/30 11:33:28 main.go:195: 2025-09-30T11:33:28+03:00 [INFO] Bybit subscribe 109/151: SAFEUSDT
2025/09/30 11:33:28 main.go:195: 2025-09-30T11:33:28+03:00 [INFO] Bybit subscribe 110/151: SANDUSDT
2025/09/30 11:33:28 okx.go:101: 2025-09-30T11:33:28+03:00 [ERROR] OKX error event code=60018 msg=Wrong URL or channel:tickers,instId:RED-USDT doesn't exist. Please use the correct URL, channel and parameters referring to API document.
2025/09/30 11:33:28 okx.go:101: 2025-09-30T11:33:28+03:00 [ERROR] OKX error event code=60018 msg=Wrong URL or channel:tickers,instId:REQ-USDT doesn't exist. Please use the correct URL, channel and parameters referring to API document.
2025/09/30 11:33:28 okx.go:101: 2025-09-30T11:33:28+03:00 [ERROR] OKX error event code=60018 msg=Wrong URL or channel:tickers,instId:REZ-USDT doesn't exist. Please use the correct URL, channel and parameters referring to API document.
2025/09/30 11:33:28 okx.go:101: 2025-09-30T11:33:28+03:00 [ERROR] OKX error event code=60018 msg=Wrong URL or channel:tickers,instId:RLC-USDT doesn't exist. Please use the correct URL, channel and parameters referring to API document.
2025/09/30 11:33:28 okx.go:101: 2025-09-30T11:33:28+03:00 [ERROR] OKX error event code=60018 msg=Wrong URL or channel:tickers,instId:SHIB1000-USDT doesn't exist. Please use the correct URL, channel and parameters referring to API document.
2025/09/30 11:33:28 okx.go:101: 2025-09-30T11:33:28+03:00 [ERROR] OKX error event code=60018 msg=Wrong URL or channel:tickers,instId:SPX-USDT doesn't exist. Please use the correct URL, channel and parameters referring to API document.
2025/09/30 11:33:28 okx.go:101: 2025-09-30T11:33:28+03:00 [ERROR] OKX error event code=60018 msg=Wrong URL or channel:tickers,instId:STG-USDT doesn't exist. Please use the correct URL, channel and parameters referring to API document.
2025/09/30 11:33:28 okx.go:101: 2025-09-30T11:33:28+03:00 [ERROR] OKX error event code=60018 msg=Wrong URL or channel:tickers,instId:SUPER-USDT doesn't exist. Please use the correct URL, channel and parameters referring to API document.
2025/09/30 11:33:28 okx.go:101: 2025-09-30T11:33:28+03:00 [ERROR] OKX error event code=60018 msg=Wrong URL or channel:tickers,instId:SXT-USDT doesn't exist. Please use the correct URL, channel and parameters referring to API document.
2025/09/30 11:33:28 okx.go:101: 2025-09-30T11:33:28+03:00 [ERROR] OKX error event code=60018 msg=Wrong URL or channel:tickers,instId:TAIKO-USDT doesn't exist. Please use the correct URL, channel and parameters referring to API document.
2025/09/30 11:33:28 okx.go:101: 2025-09-30T11:33:28+03:00 [ERROR] OKX error event code=60018 msg=Wrong URL or channel:tickers,instId:TANSSI-USDT doesn't exist. Please use the correct URL, channel and parameters referring to API document.
2025/09/30 11:33:28 okx.go:101: 2025-09-30T11:33:28+03:00 [ERROR] OKX error event code=60018 msg=Wrong URL or channel:tickers,instId:TOKEN-USDT doesn't exist. Please use the correct URL, channel and parameters referring to API document.
2025/09/30 11:33:28 okx.go:101: 2025-09-30T11:33:28+03:00 [ERROR] OKX error event code=60018 msg=Wrong URL or channel:tickers,instId:TOWNS-USDT doesn't exist. Please use the correct URL, channel and parameters referring to API document.
2025/09/30 11:33:28 okx.go:101: 2025-09-30T11:33:28+03:00 [ERROR] OKX error event code=60018 msg=Wrong URL or channel:tickers,instId:TREE-USDT doesn't exist. Please use the correct URL, channel and parameters referring to API document.
2025/09/30 11:33:28 okx.go:101: 2025-09-30T11:33:28+03:00 [ERROR] OKX error event code=60018 msg=Wrong URL or channel:tickers,instId:USDE-USDT doesn't exist. Please use the correct URL, channel and parameters referring to API document.
2025/09/30 11:33:28 okx.go:101: 2025-09-30T11:33:28+03:00 [ERROR] OKX error event code=60018 msg=Wrong URL or channel:tickers,instId:USUAL-USDT doesn't exist. Please use the correct URL, channel and parameters referring to API document.
2025/09/30 11:33:28 okx.go:101: 2025-09-30T11:33:28+03:00 [ERROR] OKX error event code=60018 msg=Wrong URL or channel:tickers,instId:VANRY-USDT doesn't exist. Please use the correct URL, channel and parameters referring to API document.
2025/09/30 11:33:28 okx.go:101: 2025-09-30T11:33:28+03:00 [ERROR] OKX error event code=60018 msg=Wrong URL or channel:tickers,instId:VIRTUAL-USDT doesn't exist. Please use the correct URL, channel and parameters referring to API document.
2025/09/30 11:33:28 okx.go:101: 2025-09-30T11:33:28+03:00 [ERROR] OKX error event code=60018 msg=Wrong URL or channel:tickers,instId:XCN-USDT doesn't exist. Please use the correct URL, channel and parameters referring to API document.
2025/09/30 11:33:28 okx.go:101: 2025-09-30T11:33:28+03:00 [ERROR] OKX error event code=60018 msg=Wrong URL or channel:tickers,instId:ZRC-USDT doesn't exist. Please use the correct URL, channel and parameters referring to API document.
2025/09/30 11:33:28 main.go:195: 2025-09-30T11:33:28+03:00 [INFO] Bybit subscribe 111/151: SHIB1000USDT
2025/09/30 11:33:28 main.go:195: 2025-09-30T11:33:28+03:00 [INFO] Bybit subscribe 112/151: SKLUSDT
2025/09/30 11:33:28 main.go:195: 2025-09-30T11:33:28+03:00 [INFO] Bybit subscribe 113/151: SKYUSDT
2025/09/30 11:33:28 main.go:195: 2025-09-30T11:33:28+03:00 [INFO] Bybit subscribe 114/151: SNTUSDT
2025/09/30 11:33:28 main.go:195: 2025-09-30T11:33:28+03:00 [INFO] Bybit subscribe 115/151: SNXUSDT
2025/09/30 11:33:28 main.go:195: 2025-09-30T11:33:28+03:00 [INFO] Bybit subscribe 116/151: SOPHUSDT
2025/09/30 11:33:28 main.go:195: 2025-09-30T11:33:28+03:00 [INFO] Bybit subscribe 117/151: SPKUSDT
2025/09/30 11:33:28 main.go:195: 2025-09-30T11:33:28+03:00 [INFO] Bybit subscribe 118/151: SPXUSDT
2025/09/30 11:33:28 main.go:195: 2025-09-30T11:33:28+03:00 [INFO] Bybit subscribe 119/151: SSVUSDT
2025/09/30 11:33:28 main.go:195: 2025-09-30T11:33:28+03:00 [INFO] Bybit subscribe 120/151: STGUSDT
2025/09/30 11:33:28 main.go:195: 2025-09-30T11:33:28+03:00 [INFO] Bybit subscribe 121/151: STORJUSDT
2025/09/30 11:33:28 main.go:195: 2025-09-30T11:33:28+03:00 [INFO] Bybit subscribe 122/151: SUPERUSDT
2025/09/30 11:33:28 main.go:195: 2025-09-30T11:33:28+03:00 [INFO] Bybit subscribe 123/151: SUSHIUSDT
2025/09/30 11:33:28 main.go:195: 2025-09-30T11:33:28+03:00 [INFO] Bybit subscribe 124/151: SWEATUSDT
2025/09/30 11:33:28 main.go:195: 2025-09-30T11:33:28+03:00 [INFO] Bybit subscribe 125/151: SXTUSDT
2025/09/30 11:33:28 main.go:195: 2025-09-30T11:33:28+03:00 [INFO] Bybit subscribe 126/151: SYRUPUSDT
2025/09/30 11:33:28 main.go:195: 2025-09-30T11:33:28+03:00 [INFO] Bybit subscribe 127/151: TAIKOUSDT
2025/09/30 11:33:28 main.go:195: 2025-09-30T11:33:28+03:00 [INFO] Bybit subscribe 128/151: TANSSIUSDT
2025/09/30 11:33:28 main.go:195: 2025-09-30T11:33:28+03:00 [INFO] Bybit subscribe 129/151: TOKENUSDT
2025/09/30 11:33:28 main.go:195: 2025-09-30T11:33:28+03:00 [INFO] Bybit subscribe 130/151: TONUSDT
2025/09/30 11:33:28 main.go:195: 2025-09-30T11:33:28+03:00 [INFO] Bybit subscribe 131/151: TOWNSUSDT
2025/09/30 11:33:28 main.go:195: 2025-09-30T11:33:28+03:00 [INFO] Bybit subscribe 132/151: TREEUSDT
2025/09/30 11:33:28 main.go:195: 2025-09-30T11:33:28+03:00 [INFO] Bybit subscribe 133/151: UNIUSDT
2025/09/30 11:33:28 main.go:296: 2025-09-30T11:33:28+03:00 [INFO] Bitget subscribed 60 symbols (batch), pausing 700ms
2025/09/30 11:33:28 main.go:195: 2025-09-30T11:33:28+03:00 [INFO] Bybit subscribe 134/151: USD1USDT
2025/09/30 11:33:28 main.go:195: 2025-09-30T11:33:28+03:00 [INFO] Bybit subscribe 135/151: USDEUSDT
2025/09/30 11:33:28 main.go:195: 2025-09-30T11:33:28+03:00 [INFO] Bybit subscribe 136/151: USUALUSDT
2025/09/30 11:33:28 main.go:195: 2025-09-30T11:33:28+03:00 [INFO] Bybit subscribe 137/151: VANRYUSDT
2025/09/30 11:33:28 main.go:195: 2025-09-30T11:33:28+03:00 [INFO] Bybit subscribe 138/151: VIRTUALUSDT
2025/09/30 11:33:28 main.go:195: 2025-09-30T11:33:28+03:00 [INFO] Bybit subscribe 139/151: WUSDT
2025/09/30 11:33:28 main.go:195: 2025-09-30T11:33:28+03:00 [INFO] Bybit subscribe 140/151: WAXPUSDT
2025/09/30 11:33:28 main.go:195: 2025-09-30T11:33:28+03:00 [INFO] Bybit subscribe 141/151: WCTUSDT
2025/09/30 11:33:28 main.go:195: 2025-09-30T11:33:28+03:00 [INFO] Bybit subscribe 142/151: WLDUSDT
2025/09/30 11:33:28 main.go:195: 2025-09-30T11:33:28+03:00 [INFO] Bybit subscribe 143/151: WLFIUSDT
2025/09/30 11:33:28 main.go:195: 2025-09-30T11:33:28+03:00 [INFO] Bybit subscribe 144/151: WOOUSDT
2025/09/30 11:33:28 main.go:195: 2025-09-30T11:33:28+03:00 [INFO] Bybit subscribe 145/151: XAUTUSDT
2025/09/30 11:33:28 main.go:195: 2025-09-30T11:33:28+03:00 [INFO] Bybit subscribe 146/151: XCNUSDT
2025/09/30 11:33:28 main.go:195: 2025-09-30T11:33:28+03:00 [INFO] Bybit subscribe 147/151: YFIUSDT
2025/09/30 11:33:28 main.go:195: 2025-09-30T11:33:28+03:00 [INFO] Bybit subscribe 148/151: ZENTUSDT
2025/09/30 11:33:28 main.go:195: 2025-09-30T11:33:28+03:00 [INFO] Bybit subscribe 149/151: ZRCUSDT
2025/09/30 11:33:28 main.go:195: 2025-09-30T11:33:28+03:00 [INFO] Bybit subscribe 150/151: ZROUSDT
2025/09/30 11:33:28 main.go:195: 2025-09-30T11:33:28+03:00 [INFO] Bybit subscribe 151/151: ZRXUSDT
2025/09/30 11:33:29 main.go:296: 2025-09-30T11:33:29+03:00 [INFO] Bitget subscribed 90 symbols (batch), pausing 700ms
2025/09/30 11:33:29 main.go:247: 2025-09-30T11:33:29+03:00 [INFO] Gate subscribed 100 symbols, pausing 150ms
2025/09/30 11:33:29 main.go:296: 2025-09-30T11:33:29+03:00 [INFO] Bitget subscribed 120 symbols (batch), pausing 700ms
2025/09/30 11:33:30 main.go:296: 2025-09-30T11:33:30+03:00 [INFO] Bitget subscribed 150 symbols (batch), pausing 700ms
2025/09/30 11:33:31 main.go:296: 2025-09-30T11:33:31+03:00 [INFO] Bitget subscribed 151 symbols (batch), pausing 700ms
2025/09/30 11:33:31 main.go:518: 2025-09-30T11:33:31+03:00 [INFO] metrics: msgs/s~104, redisOps/s~0, redisErr/s~55, redisUp=false, drops/s~0, chanLen=0, perExchange=map[Bybit:226 Gate:48 OKX:247]
2025/09/30 11:33:36 main.go:518: 2025-09-30T11:33:36+03:00 [INFO] metrics: msgs/s~502, redisOps/s~0, redisErr/s~77, redisUp=true, drops/s~0, chanLen=0, perExchange=map[Bitget:1781 Bybit:509 Gate:162 OKX:578]
2025/09/30 11:33:36 bitget.go:126: 2025-09-30T11:33:36+03:00 [INFO] [WARN] Bitget errors aggregated last 5s: 30006=0, 30001=20
edisOps/s~0, redisErr/s~77, redisUp=true, drops/s~0, chanLen=0, perExchange=map[Bitget:1781 Bybit:509 Gate:162 OKX:578]
2025/09/30 11:33:36 bitget.go:126: 2025-09-30T11:33:36+03:00 [INFO] [WARN] Bitget errors aggregated last 5s: 30006=0, 30001=20
